#
# There is insufficient memory for the Java Runtime Environment to continue.
# Native memory allocation (malloc) failed to allocate 1094208 bytes. Error detail: Chunk::new
# Possible reasons:
#   The system is out of physical RAM or swap space
#   This process is running with CompressedOops enabled, and the Java Heap may be blocking the growth of the native heap
# Possible solutions:
#   Reduce memory load on the system
#   Increase physical memory or swap space
#   Check if swap backing store is full
#   Decrease Java heap size (-Xmx/-Xms)
#   Decrease number of Java threads
#   Decrease Java thread stack sizes (-Xss)
#   Set larger code cache with -XX:ReservedCodeCacheSize=
#   JVM is running with Zero Based Compressed Oops mode in which the Java heap is
#     placed in the first 32GB address space. The Java Heap base address is the
#     maximum limit for the native heap growth. Please use -XX:HeapBaseMinAddress
#     to set the Java Heap base and to place the Java Heap above 32GB virtual address.
# This output file may be truncated or incomplete.
#
#  Out of Memory Error (arena.cpp:150), pid=2136, tid=25396
#
# JRE version: Java(TM) SE Runtime Environment (22.0+36) (build 22+36-2370)
# Java VM: Java HotSpot(TM) 64-Bit Server VM (22+36-2370, mixed mode, sharing, tiered, compressed oops, compressed class ptrs, g1 gc, windows-amd64)
# No core dump will be written. Minidumps are not enabled by default on client versions of Windows
#

---------------  S U M M A R Y ------------

Command Line: -javaagent:C:\Program Files\JetBrains\IntelliJ IDEA Community Edition 2025.2.3\lib\idea_rt.jar=51008 -Dfile.encoding=UTF-8 -Dsun.stdout.encoding=UTF-8 -Dsun.stderr.encoding=UTF-8 com.EurekaServerApplication

Host: 12th Gen Intel(R) Core(TM) i5-1240P, 16 cores, 15G,  Windows 11 , 64 bit Build 22621 (10.0.22621.5415)
Time: Tue Nov 25 00:18:58 2025 India Standard Time elapsed time: 1.465306 seconds (0d 0h 0m 1s)

---------------  T H R E A D  ---------------

Current thread (0x00000222dd595270):  JavaThread "C2 CompilerThread2" daemon [_thread_in_native, id=25396, stack(0x0000004b90500000,0x0000004b90600000) (1024K)]


Current CompileTask:
C2:1465 2487       4       org.springframework.boot.context.config.ConfigDataEnvironmentContributor$ContributorIterator::fetchIfNecessary (153 bytes)

Stack: [0x0000004b90500000,0x0000004b90600000]
Native frames: (J=compiled Java code, j=interpreted, Vv=VM code, C=native code)
V  [jvm.dll+0x6e2349]  (no source info available)
V  [jvm.dll+0x874ed3]  (no source info available)
V  [jvm.dll+0x8772fe]  (no source info available)
V  [jvm.dll+0x8779d3]  (no source info available)
V  [jvm.dll+0x27fcb6]  (no source info available)
V  [jvm.dll+0xc3d0f]  (no source info available)
V  [jvm.dll+0xc3f6b]  (no source info available)
V  [jvm.dll+0x3bb05c]  (no source info available)
V  [jvm.dll+0x387abb]  (no source info available)
V  [jvm.dll+0x386f2a]  (no source info available)
V  [jvm.dll+0x247908]  (no source info available)
V  [jvm.dll+0x246faf]  (no source info available)
V  [jvm.dll+0x1c4e90]  (no source info available)
V  [jvm.dll+0x25699e]  (no source info available)
V  [jvm.dll+0x254c5a]  (no source info available)
V  [jvm.dll+0x3f5426]  (no source info available)
V  [jvm.dll+0x81d50b]  (no source info available)
V  [jvm.dll+0x6e09e5]  (no source info available)
C  [ucrtbase.dll+0x29333]  (no source info available)
C  [KERNEL32.DLL+0x1259d]  (no source info available)
C  [ntdll.dll+0x5af78]  (no source info available)


---------------  P R O C E S S  ---------------

Threads class SMR info:
_java_thread_list=0x00000222de6c03d0, length=19, elements={
0x00000222f5a61170, 0x00000222978db1d0, 0x00000222978dbff0, 0x00000222978de020,
0x00000222978e3570, 0x00000222978ed740, 0x00000222978ec390, 0x00000222978f01b0,
0x00000222978f2080, 0x00000222979b8590, 0x00000222978ebd00, 0x0000022297a6c120,
0x00000222978ea2c0, 0x00000222978eb670, 0x00000222dd62f490, 0x00000222dd694970,
0x00000222dd595270, 0x00000222dd9698a0, 0x00000222978ea950
}

Java Threads: ( => current thread )
  0x00000222f5a61170 JavaThread "main"                              [_thread_in_Java, id=36464, stack(0x0000004b8ee00000,0x0000004b8ef00000) (1024K)]
  0x00000222978db1d0 JavaThread "Reference Handler"          daemon [_thread_blocked, id=32424, stack(0x0000004b8f600000,0x0000004b8f700000) (1024K)]
  0x00000222978dbff0 JavaThread "Finalizer"                  daemon [_thread_blocked, id=8388, stack(0x0000004b8f700000,0x0000004b8f800000) (1024K)]
  0x00000222978de020 JavaThread "Signal Dispatcher"          daemon [_thread_blocked, id=30740, stack(0x0000004b8f800000,0x0000004b8f900000) (1024K)]
  0x00000222978e3570 JavaThread "Attach Listener"            daemon [_thread_blocked, id=33780, stack(0x0000004b8f900000,0x0000004b8fa00000) (1024K)]
  0x00000222978ed740 JavaThread "Service Thread"             daemon [_thread_blocked, id=29852, stack(0x0000004b8fa00000,0x0000004b8fb00000) (1024K)]
  0x00000222978ec390 JavaThread "Monitor Deflation Thread"   daemon [_thread_blocked, id=31316, stack(0x0000004b8fb00000,0x0000004b8fc00000) (1024K)]
  0x00000222978f01b0 JavaThread "C2 CompilerThread0"         daemon [_thread_in_native, id=21312, stack(0x0000004b8fc00000,0x0000004b8fd00000) (1024K)]
  0x00000222978f2080 JavaThread "C1 CompilerThread0"         daemon [_thread_blocked, id=29832, stack(0x0000004b8fd00000,0x0000004b8fe00000) (1024K)]
  0x00000222979b8590 JavaThread "C1 CompilerThread1"         daemon [_thread_blocked, id=32544, stack(0x0000004b8fe00000,0x0000004b8ff00000) (1024K)]
  0x00000222978ebd00 JavaThread "Common-Cleaner"             daemon [_thread_blocked, id=3932, stack(0x0000004b8ff00000,0x0000004b90000000) (1024K)]
  0x0000022297a6c120 JavaThread "C2 CompilerThread1"         daemon [_thread_in_native, id=10860, stack(0x0000004b90000000,0x0000004b90100000) (1024K)]
  0x00000222978ea2c0 JavaThread "Monitor Ctrl-Break"         daemon [_thread_in_native, id=30808, stack(0x0000004b90100000,0x0000004b90200000) (1024K)]
  0x00000222978eb670 JavaThread "Notification Thread"        daemon [_thread_blocked, id=2612, stack(0x0000004b90200000,0x0000004b90300000) (1024K)]
  0x00000222dd62f490 JavaThread "C1 CompilerThread2"         daemon [_thread_in_vm, id=23272, stack(0x0000004b90300000,0x0000004b90400000) (1024K)]
  0x00000222dd694970 JavaThread "C1 CompilerThread3"         daemon [_thread_blocked, id=20972, stack(0x0000004b90400000,0x0000004b90500000) (1024K)]
=>0x00000222dd595270 JavaThread "C2 CompilerThread2"         daemon [_thread_in_native, id=25396, stack(0x0000004b90500000,0x0000004b90600000) (1024K)]
  0x00000222dd9698a0 JavaThread "C2 CompilerThread3"         daemon [_thread_in_native, id=36616, stack(0x0000004b90b00000,0x0000004b90c00000) (1024K)]
  0x00000222978ea950 JavaThread "background-preinit"                [_thread_in_native, id=32512, stack(0x0000004b90d00000,0x0000004b90e00000) (1024K)]
Total: 19

Other Threads:
  0x00000222977ae2d0 VMThread "VM Thread"                           [id=27152, stack(0x0000004b8f500000,0x0000004b8f600000) (1024K)]
  0x0000022297797400 WatcherThread "VM Periodic Task Thread"        [id=2740, stack(0x0000004b8f400000,0x0000004b8f500000) (1024K)]
  0x00000222f7dd7890 WorkerThread "GC Thread#0"                     [id=32104, stack(0x0000004b8ef00000,0x0000004b8f000000) (1024K)]
  0x00000222dd7fb020 WorkerThread "GC Thread#1"                     [id=24936, stack(0x0000004b90600000,0x0000004b90700000) (1024K)]
  0x00000222dd7fb3d0 WorkerThread "GC Thread#2"                     [id=28188, stack(0x0000004b90700000,0x0000004b90800000) (1024K)]
  0x00000222dd5db860 WorkerThread "GC Thread#3"                     [id=20188, stack(0x0000004b90800000,0x0000004b90900000) (1024K)]
  0x00000222dd5dbc10 WorkerThread "GC Thread#4"                     [id=25968, stack(0x0000004b90900000,0x0000004b90a00000) (1024K)]
  0x00000222dd5dbfc0 WorkerThread "GC Thread#5"                     [id=32116, stack(0x0000004b90a00000,0x0000004b90b00000) (1024K)]
  0x00000222dd85c180 WorkerThread "GC Thread#6"                     [id=14312, stack(0x0000004b90c00000,0x0000004b90d00000) (1024K)]
  0x00000222f7de8350 ConcurrentGCThread "G1 Main Marker"            [id=29104, stack(0x0000004b8f000000,0x0000004b8f100000) (1024K)]
  0x00000222f7de8e60 WorkerThread "G1 Conc#0"                       [id=22424, stack(0x0000004b8f100000,0x0000004b8f200000) (1024K)]
  0x000002229766af10 ConcurrentGCThread "G1 Refine#0"               [id=13368, stack(0x0000004b8f200000,0x0000004b8f300000) (1024K)]
  0x000002229766bca0 ConcurrentGCThread "G1 Service"                [id=28660, stack(0x0000004b8f300000,0x0000004b8f400000) (1024K)]
Total: 13

Threads with active compile tasks:
C2 CompilerThread0  1543 2611       4       java.lang.invoke.MethodType::makeImpl (109 bytes)
C1 CompilerThread1  1543 2638       3       java.nio.Buffer::nextGetIndex (30 bytes)
C2 CompilerThread1  1544 2634       4       java.util.jar.JarFile::maybeInstantiateVerifier (42 bytes)
C1 CompilerThread2  1544 2637       3       java.nio.HeapByteBuffer::get (14 bytes)
C1 CompilerThread3  1544 2639       3       java.lang.invoke.LambdaForm$DMH/0x0000022299118000::invokeStatic (31 bytes)
C2 CompilerThread2  1545 2487       4       org.springframework.boot.context.config.ConfigDataEnvironmentContributor$ContributorIterator::fetchIfNecessary (153 bytes)
C2 CompilerThread3  1545 2452       4       org.springframework.boot.context.properties.source.ConfigurationPropertyName$ElementsParser::parse (234 bytes)
Total: 7

VM state: not at safepoint (normal execution)

VM Mutex/Monitor currently owned by a thread: None

Heap address: 0x0000000705200000, size: 4014 MB, Compressed Oops mode: Zero based, Oop shift amount: 3

CDS archive(s) mapped at: [0x0000022298000000-0x0000022298c60000-0x0000022298c60000), size 12976128, SharedBaseAddress: 0x0000022298000000, ArchiveRelocationMode: 1.
Compressed class space mapped at: 0x0000022299000000-0x00000222d9000000, reserved size: 1073741824
Narrow klass base: 0x0000022298000000, Narrow klass shift: 0, Narrow klass range: 0x41000000

GC Precious Log:
 CardTable entry size: 512
 Card Set container configuration: InlinePtr #cards 4 size 8 Array Of Cards #cards 16 size 48 Howl #buckets 8 coarsen threshold 3686 Howl Bitmap #cards 512 size 80 coarsen threshold 460 Card regions per heap region 1 cards per card region 4096
 CPUs: 16 total, 16 available
 Memory: 16052M
 Large Page Support: Disabled
 NUMA Support: Disabled
 Compressed Oops: Enabled (Zero based)
 Heap Region Size: 2M
 Heap Min Capacity: 8M
 Heap Initial Capacity: 252M
 Heap Max Capacity: 4014M
 Pre-touch: Disabled
 Parallel Workers: 13
 Concurrent Workers: 3
 Concurrent Refinement Workers: 13
 Periodic GC: Disabled

Heap:
 garbage-first heap   total reserved 4110336K, committed 258048K, used 53523K [0x0000000705200000, 0x0000000800000000)
  region size 2048K, 23 young (47104K), 2 survivors (4096K)
 Metaspace       used 17662K, committed 17920K, reserved 1114112K
  class space    used 2191K, committed 2304K, reserved 1048576K

Heap Regions: E=young(eden), S=young(survivor), O=old, HS=humongous(starts), HC=humongous(continues), CS=collection set, F=free, TAMS=top-at-mark-start, PB=parsable bottom
|   0|0x0000000705200000, 0x0000000705400000, 0x0000000705400000|100%| O|  |TAMS 0x0000000705200000| PB 0x0000000705200000| Untracked |  0
|   1|0x0000000705400000, 0x0000000705600000, 0x0000000705600000|100%| O|  |TAMS 0x0000000705400000| PB 0x0000000705400000| Untracked |  0
|   2|0x0000000705600000, 0x0000000705800000, 0x0000000705800000|100%| O|  |TAMS 0x0000000705600000| PB 0x0000000705600000| Untracked |  0
|   3|0x0000000705800000, 0x0000000705a00000, 0x0000000705a00000|100%| O|  |TAMS 0x0000000705800000| PB 0x0000000705800000| Untracked |  0
|   4|0x0000000705a00000, 0x0000000705c00000, 0x0000000705c00000|100%| O|  |TAMS 0x0000000705a00000| PB 0x0000000705a00000| Untracked |  0
|   5|0x0000000705c00000, 0x0000000705c63b50, 0x0000000705e00000| 19%| O|  |TAMS 0x0000000705c00000| PB 0x0000000705c00000| Untracked |  0
|   6|0x0000000705e00000, 0x0000000705e00000, 0x0000000706000000|  0%| F|  |TAMS 0x0000000705e00000| PB 0x0000000705e00000| Untracked |  0
|   7|0x0000000706000000, 0x0000000706000000, 0x0000000706200000|  0%| F|  |TAMS 0x0000000706000000| PB 0x0000000706000000| Untracked |  0
|   8|0x0000000706200000, 0x0000000706200000, 0x0000000706400000|  0%| F|  |TAMS 0x0000000706200000| PB 0x0000000706200000| Untracked |  0
|   9|0x0000000706400000, 0x0000000706400000, 0x0000000706600000|  0%| F|  |TAMS 0x0000000706400000| PB 0x0000000706400000| Untracked |  0
|  10|0x0000000706600000, 0x0000000706600000, 0x0000000706800000|  0%| F|  |TAMS 0x0000000706600000| PB 0x0000000706600000| Untracked |  0
|  11|0x0000000706800000, 0x0000000706800000, 0x0000000706a00000|  0%| F|  |TAMS 0x0000000706800000| PB 0x0000000706800000| Untracked |  0
|  12|0x0000000706a00000, 0x0000000706a00000, 0x0000000706c00000|  0%| F|  |TAMS 0x0000000706a00000| PB 0x0000000706a00000| Untracked |  0
|  13|0x0000000706c00000, 0x0000000706c00000, 0x0000000706e00000|  0%| F|  |TAMS 0x0000000706c00000| PB 0x0000000706c00000| Untracked |  0
|  14|0x0000000706e00000, 0x0000000706e00000, 0x0000000707000000|  0%| F|  |TAMS 0x0000000706e00000| PB 0x0000000706e00000| Untracked |  0
|  15|0x0000000707000000, 0x0000000707000000, 0x0000000707200000|  0%| F|  |TAMS 0x0000000707000000| PB 0x0000000707000000| Untracked |  0
|  16|0x0000000707200000, 0x0000000707200000, 0x0000000707400000|  0%| F|  |TAMS 0x0000000707200000| PB 0x0000000707200000| Untracked |  0
|  17|0x0000000707400000, 0x0000000707400000, 0x0000000707600000|  0%| F|  |TAMS 0x0000000707400000| PB 0x0000000707400000| Untracked |  0
|  18|0x0000000707600000, 0x0000000707600000, 0x0000000707800000|  0%| F|  |TAMS 0x0000000707600000| PB 0x0000000707600000| Untracked |  0
|  19|0x0000000707800000, 0x0000000707800000, 0x0000000707a00000|  0%| F|  |TAMS 0x0000000707800000| PB 0x0000000707800000| Untracked |  0
|  20|0x0000000707a00000, 0x0000000707a00000, 0x0000000707c00000|  0%| F|  |TAMS 0x0000000707a00000| PB 0x0000000707a00000| Untracked |  0
|  21|0x0000000707c00000, 0x0000000707c00000, 0x0000000707e00000|  0%| F|  |TAMS 0x0000000707c00000| PB 0x0000000707c00000| Untracked |  0
|  22|0x0000000707e00000, 0x0000000707e00000, 0x0000000708000000|  0%| F|  |TAMS 0x0000000707e00000| PB 0x0000000707e00000| Untracked |  0
|  23|0x0000000708000000, 0x0000000708000000, 0x0000000708200000|  0%| F|  |TAMS 0x0000000708000000| PB 0x0000000708000000| Untracked |  0
|  24|0x0000000708200000, 0x0000000708200000, 0x0000000708400000|  0%| F|  |TAMS 0x0000000708200000| PB 0x0000000708200000| Untracked |  0
|  25|0x0000000708400000, 0x0000000708400000, 0x0000000708600000|  0%| F|  |TAMS 0x0000000708400000| PB 0x0000000708400000| Untracked |  0
|  26|0x0000000708600000, 0x0000000708600000, 0x0000000708800000|  0%| F|  |TAMS 0x0000000708600000| PB 0x0000000708600000| Untracked |  0
|  27|0x0000000708800000, 0x0000000708800000, 0x0000000708a00000|  0%| F|  |TAMS 0x0000000708800000| PB 0x0000000708800000| Untracked |  0
|  28|0x0000000708a00000, 0x0000000708a00000, 0x0000000708c00000|  0%| F|  |TAMS 0x0000000708a00000| PB 0x0000000708a00000| Untracked |  0
|  29|0x0000000708c00000, 0x0000000708c00000, 0x0000000708e00000|  0%| F|  |TAMS 0x0000000708c00000| PB 0x0000000708c00000| Untracked |  0
|  30|0x0000000708e00000, 0x0000000708e00000, 0x0000000709000000|  0%| F|  |TAMS 0x0000000708e00000| PB 0x0000000708e00000| Untracked |  0
|  31|0x0000000709000000, 0x0000000709000000, 0x0000000709200000|  0%| F|  |TAMS 0x0000000709000000| PB 0x0000000709000000| Untracked |  0
|  32|0x0000000709200000, 0x0000000709200000, 0x0000000709400000|  0%| F|  |TAMS 0x0000000709200000| PB 0x0000000709200000| Untracked |  0
|  33|0x0000000709400000, 0x0000000709400000, 0x0000000709600000|  0%| F|  |TAMS 0x0000000709400000| PB 0x0000000709400000| Untracked |  0
|  34|0x0000000709600000, 0x0000000709600000, 0x0000000709800000|  0%| F|  |TAMS 0x0000000709600000| PB 0x0000000709600000| Untracked |  0
|  35|0x0000000709800000, 0x0000000709800000, 0x0000000709a00000|  0%| F|  |TAMS 0x0000000709800000| PB 0x0000000709800000| Untracked |  0
|  36|0x0000000709a00000, 0x0000000709a00000, 0x0000000709c00000|  0%| F|  |TAMS 0x0000000709a00000| PB 0x0000000709a00000| Untracked |  0
|  37|0x0000000709c00000, 0x0000000709c00000, 0x0000000709e00000|  0%| F|  |TAMS 0x0000000709c00000| PB 0x0000000709c00000| Untracked |  0
|  38|0x0000000709e00000, 0x0000000709e00000, 0x000000070a000000|  0%| F|  |TAMS 0x0000000709e00000| PB 0x0000000709e00000| Untracked |  0
|  39|0x000000070a000000, 0x000000070a000000, 0x000000070a200000|  0%| F|  |TAMS 0x000000070a000000| PB 0x000000070a000000| Untracked |  0
|  40|0x000000070a200000, 0x000000070a200000, 0x000000070a400000|  0%| F|  |TAMS 0x000000070a200000| PB 0x000000070a200000| Untracked |  0
|  41|0x000000070a400000, 0x000000070a400000, 0x000000070a600000|  0%| F|  |TAMS 0x000000070a400000| PB 0x000000070a400000| Untracked |  0
|  42|0x000000070a600000, 0x000000070a600000, 0x000000070a800000|  0%| F|  |TAMS 0x000000070a600000| PB 0x000000070a600000| Untracked |  0
|  43|0x000000070a800000, 0x000000070a800000, 0x000000070aa00000|  0%| F|  |TAMS 0x000000070a800000| PB 0x000000070a800000| Untracked |  0
|  44|0x000000070aa00000, 0x000000070aa00000, 0x000000070ac00000|  0%| F|  |TAMS 0x000000070aa00000| PB 0x000000070aa00000| Untracked |  0
|  45|0x000000070ac00000, 0x000000070ac00000, 0x000000070ae00000|  0%| F|  |TAMS 0x000000070ac00000| PB 0x000000070ac00000| Untracked |  0
|  46|0x000000070ae00000, 0x000000070ae00000, 0x000000070b000000|  0%| F|  |TAMS 0x000000070ae00000| PB 0x000000070ae00000| Untracked |  0
|  47|0x000000070b000000, 0x000000070b000000, 0x000000070b200000|  0%| F|  |TAMS 0x000000070b000000| PB 0x000000070b000000| Untracked |  0
|  48|0x000000070b200000, 0x000000070b200000, 0x000000070b400000|  0%| F|  |TAMS 0x000000070b200000| PB 0x000000070b200000| Untracked |  0
|  49|0x000000070b400000, 0x000000070b400000, 0x000000070b600000|  0%| F|  |TAMS 0x000000070b400000| PB 0x000000070b400000| Untracked |  0
|  50|0x000000070b600000, 0x000000070b600000, 0x000000070b800000|  0%| F|  |TAMS 0x000000070b600000| PB 0x000000070b600000| Untracked |  0
|  51|0x000000070b800000, 0x000000070b800000, 0x000000070ba00000|  0%| F|  |TAMS 0x000000070b800000| PB 0x000000070b800000| Untracked |  0
|  52|0x000000070ba00000, 0x000000070ba00000, 0x000000070bc00000|  0%| F|  |TAMS 0x000000070ba00000| PB 0x000000070ba00000| Untracked |  0
|  53|0x000000070bc00000, 0x000000070bc00000, 0x000000070be00000|  0%| F|  |TAMS 0x000000070bc00000| PB 0x000000070bc00000| Untracked |  0
|  54|0x000000070be00000, 0x000000070be00000, 0x000000070c000000|  0%| F|  |TAMS 0x000000070be00000| PB 0x000000070be00000| Untracked |  0
|  55|0x000000070c000000, 0x000000070c000000, 0x000000070c200000|  0%| F|  |TAMS 0x000000070c000000| PB 0x000000070c000000| Untracked |  0
|  56|0x000000070c200000, 0x000000070c200000, 0x000000070c400000|  0%| F|  |TAMS 0x000000070c200000| PB 0x000000070c200000| Untracked |  0
|  57|0x000000070c400000, 0x000000070c400000, 0x000000070c600000|  0%| F|  |TAMS 0x000000070c400000| PB 0x000000070c400000| Untracked |  0
|  58|0x000000070c600000, 0x000000070c600000, 0x000000070c800000|  0%| F|  |TAMS 0x000000070c600000| PB 0x000000070c600000| Untracked |  0
|  59|0x000000070c800000, 0x000000070c800000, 0x000000070ca00000|  0%| F|  |TAMS 0x000000070c800000| PB 0x000000070c800000| Untracked |  0
|  60|0x000000070ca00000, 0x000000070ca00000, 0x000000070cc00000|  0%| F|  |TAMS 0x000000070ca00000| PB 0x000000070ca00000| Untracked |  0
|  61|0x000000070cc00000, 0x000000070cc00000, 0x000000070ce00000|  0%| F|  |TAMS 0x000000070cc00000| PB 0x000000070cc00000| Untracked |  0
|  62|0x000000070ce00000, 0x000000070ce00000, 0x000000070d000000|  0%| F|  |TAMS 0x000000070ce00000| PB 0x000000070ce00000| Untracked |  0
|  63|0x000000070d000000, 0x000000070d000000, 0x000000070d200000|  0%| F|  |TAMS 0x000000070d000000| PB 0x000000070d000000| Untracked |  0
|  64|0x000000070d200000, 0x000000070d200000, 0x000000070d400000|  0%| F|  |TAMS 0x000000070d200000| PB 0x000000070d200000| Untracked |  0
|  65|0x000000070d400000, 0x000000070d400000, 0x000000070d600000|  0%| F|  |TAMS 0x000000070d400000| PB 0x000000070d400000| Untracked |  0
|  66|0x000000070d600000, 0x000000070d600000, 0x000000070d800000|  0%| F|  |TAMS 0x000000070d600000| PB 0x000000070d600000| Untracked |  0
|  67|0x000000070d800000, 0x000000070d800000, 0x000000070da00000|  0%| F|  |TAMS 0x000000070d800000| PB 0x000000070d800000| Untracked |  0
|  68|0x000000070da00000, 0x000000070da00000, 0x000000070dc00000|  0%| F|  |TAMS 0x000000070da00000| PB 0x000000070da00000| Untracked |  0
|  69|0x000000070dc00000, 0x000000070dc00000, 0x000000070de00000|  0%| F|  |TAMS 0x000000070dc00000| PB 0x000000070dc00000| Untracked |  0
|  70|0x000000070de00000, 0x000000070de00000, 0x000000070e000000|  0%| F|  |TAMS 0x000000070de00000| PB 0x000000070de00000| Untracked |  0
|  71|0x000000070e000000, 0x000000070e000000, 0x000000070e200000|  0%| F|  |TAMS 0x000000070e000000| PB 0x000000070e000000| Untracked |  0
|  72|0x000000070e200000, 0x000000070e200000, 0x000000070e400000|  0%| F|  |TAMS 0x000000070e200000| PB 0x000000070e200000| Untracked |  0
|  73|0x000000070e400000, 0x000000070e400000, 0x000000070e600000|  0%| F|  |TAMS 0x000000070e400000| PB 0x000000070e400000| Untracked |  0
|  74|0x000000070e600000, 0x000000070e600000, 0x000000070e800000|  0%| F|  |TAMS 0x000000070e600000| PB 0x000000070e600000| Untracked |  0
|  75|0x000000070e800000, 0x000000070e800000, 0x000000070ea00000|  0%| F|  |TAMS 0x000000070e800000| PB 0x000000070e800000| Untracked |  0
|  76|0x000000070ea00000, 0x000000070ea00000, 0x000000070ec00000|  0%| F|  |TAMS 0x000000070ea00000| PB 0x000000070ea00000| Untracked |  0
|  77|0x000000070ec00000, 0x000000070ec00000, 0x000000070ee00000|  0%| F|  |TAMS 0x000000070ec00000| PB 0x000000070ec00000| Untracked |  0
|  78|0x000000070ee00000, 0x000000070ee00000, 0x000000070f000000|  0%| F|  |TAMS 0x000000070ee00000| PB 0x000000070ee00000| Untracked |  0
|  79|0x000000070f000000, 0x000000070f000000, 0x000000070f200000|  0%| F|  |TAMS 0x000000070f000000| PB 0x000000070f000000| Untracked |  0
|  80|0x000000070f200000, 0x000000070f200000, 0x000000070f400000|  0%| F|  |TAMS 0x000000070f200000| PB 0x000000070f200000| Untracked |  0
|  81|0x000000070f400000, 0x000000070f400000, 0x000000070f600000|  0%| F|  |TAMS 0x000000070f400000| PB 0x000000070f400000| Untracked |  0
|  82|0x000000070f600000, 0x000000070f600000, 0x000000070f800000|  0%| F|  |TAMS 0x000000070f600000| PB 0x000000070f600000| Untracked |  0
|  83|0x000000070f800000, 0x000000070f800000, 0x000000070fa00000|  0%| F|  |TAMS 0x000000070f800000| PB 0x000000070f800000| Untracked |  0
|  84|0x000000070fa00000, 0x000000070fa00000, 0x000000070fc00000|  0%| F|  |TAMS 0x000000070fa00000| PB 0x000000070fa00000| Untracked |  0
|  85|0x000000070fc00000, 0x000000070fc00000, 0x000000070fe00000|  0%| F|  |TAMS 0x000000070fc00000| PB 0x000000070fc00000| Untracked |  0
|  86|0x000000070fe00000, 0x000000070fe00000, 0x0000000710000000|  0%| F|  |TAMS 0x000000070fe00000| PB 0x000000070fe00000| Untracked |  0
|  87|0x0000000710000000, 0x0000000710000000, 0x0000000710200000|  0%| F|  |TAMS 0x0000000710000000| PB 0x0000000710000000| Untracked |  0
|  88|0x0000000710200000, 0x0000000710200000, 0x0000000710400000|  0%| F|  |TAMS 0x0000000710200000| PB 0x0000000710200000| Untracked |  0
|  89|0x0000000710400000, 0x0000000710400000, 0x0000000710600000|  0%| F|  |TAMS 0x0000000710400000| PB 0x0000000710400000| Untracked |  0
|  90|0x0000000710600000, 0x0000000710600000, 0x0000000710800000|  0%| F|  |TAMS 0x0000000710600000| PB 0x0000000710600000| Untracked |  0
|  91|0x0000000710800000, 0x0000000710800000, 0x0000000710a00000|  0%| F|  |TAMS 0x0000000710800000| PB 0x0000000710800000| Untracked |  0
|  92|0x0000000710a00000, 0x0000000710a00000, 0x0000000710c00000|  0%| F|  |TAMS 0x0000000710a00000| PB 0x0000000710a00000| Untracked |  0
|  93|0x0000000710c00000, 0x0000000710c00000, 0x0000000710e00000|  0%| F|  |TAMS 0x0000000710c00000| PB 0x0000000710c00000| Untracked |  0
|  94|0x0000000710e00000, 0x0000000710e00000, 0x0000000711000000|  0%| F|  |TAMS 0x0000000710e00000| PB 0x0000000710e00000| Untracked |  0
|  95|0x0000000711000000, 0x0000000711000000, 0x0000000711200000|  0%| F|  |TAMS 0x0000000711000000| PB 0x0000000711000000| Untracked |  0
|  96|0x0000000711200000, 0x0000000711200000, 0x0000000711400000|  0%| F|  |TAMS 0x0000000711200000| PB 0x0000000711200000| Untracked |  0
|  97|0x0000000711400000, 0x0000000711400000, 0x0000000711600000|  0%| F|  |TAMS 0x0000000711400000| PB 0x0000000711400000| Untracked |  0
|  98|0x0000000711600000, 0x0000000711600000, 0x0000000711800000|  0%| F|  |TAMS 0x0000000711600000| PB 0x0000000711600000| Untracked |  0
|  99|0x0000000711800000, 0x0000000711800000, 0x0000000711a00000|  0%| F|  |TAMS 0x0000000711800000| PB 0x0000000711800000| Untracked |  0
| 100|0x0000000711a00000, 0x0000000711a00000, 0x0000000711c00000|  0%| F|  |TAMS 0x0000000711a00000| PB 0x0000000711a00000| Untracked |  0
| 101|0x0000000711c00000, 0x0000000711c00000, 0x0000000711e00000|  0%| F|  |TAMS 0x0000000711c00000| PB 0x0000000711c00000| Untracked |  0
| 102|0x0000000711e00000, 0x0000000711e00000, 0x0000000712000000|  0%| F|  |TAMS 0x0000000711e00000| PB 0x0000000711e00000| Untracked |  0
| 103|0x0000000712000000, 0x000000071216dc68, 0x0000000712200000| 71%| E|  |TAMS 0x0000000712000000| PB 0x0000000712000000| Complete |  0
| 104|0x0000000712200000, 0x0000000712400000, 0x0000000712400000|100%| E|CS|TAMS 0x0000000712200000| PB 0x0000000712200000| Complete |  0
| 105|0x0000000712400000, 0x0000000712600000, 0x0000000712600000|100%| E|CS|TAMS 0x0000000712400000| PB 0x0000000712400000| Complete |  0
| 106|0x0000000712600000, 0x0000000712800000, 0x0000000712800000|100%| E|CS|TAMS 0x0000000712600000| PB 0x0000000712600000| Complete |  0
| 107|0x0000000712800000, 0x0000000712a00000, 0x0000000712a00000|100%| E|CS|TAMS 0x0000000712800000| PB 0x0000000712800000| Complete |  0
| 108|0x0000000712a00000, 0x0000000712c00000, 0x0000000712c00000|100%| E|CS|TAMS 0x0000000712a00000| PB 0x0000000712a00000| Complete |  0
| 109|0x0000000712c00000, 0x0000000712dff9c8, 0x0000000712e00000| 99%| E|  |TAMS 0x0000000712c00000| PB 0x0000000712c00000| Complete |  0
| 110|0x0000000712e00000, 0x0000000713000000, 0x0000000713000000|100%| E|CS|TAMS 0x0000000712e00000| PB 0x0000000712e00000| Complete |  0
| 111|0x0000000713000000, 0x0000000713200000, 0x0000000713200000|100%| E|CS|TAMS 0x0000000713000000| PB 0x0000000713000000| Complete |  0
| 112|0x0000000713200000, 0x0000000713400000, 0x0000000713400000|100%| E|CS|TAMS 0x0000000713200000| PB 0x0000000713200000| Complete |  0
| 113|0x0000000713400000, 0x0000000713600000, 0x0000000713600000|100%| E|CS|TAMS 0x0000000713400000| PB 0x0000000713400000| Complete |  0
| 114|0x0000000713600000, 0x0000000713800000, 0x0000000713800000|100%| E|CS|TAMS 0x0000000713600000| PB 0x0000000713600000| Complete |  0
| 115|0x0000000713800000, 0x00000007139e1248, 0x0000000713a00000| 93%| S|CS|TAMS 0x0000000713800000| PB 0x0000000713800000| Complete |  0
| 116|0x0000000713a00000, 0x0000000713c00000, 0x0000000713c00000|100%| S|CS|TAMS 0x0000000713a00000| PB 0x0000000713a00000| Complete |  0
| 117|0x0000000713c00000, 0x0000000713e00000, 0x0000000713e00000|100%| E|CS|TAMS 0x0000000713c00000| PB 0x0000000713c00000| Complete |  0
| 118|0x0000000713e00000, 0x0000000714000000, 0x0000000714000000|100%| E|CS|TAMS 0x0000000713e00000| PB 0x0000000713e00000| Complete |  0
| 119|0x0000000714000000, 0x0000000714200000, 0x0000000714200000|100%| E|CS|TAMS 0x0000000714000000| PB 0x0000000714000000| Complete |  0
| 120|0x0000000714200000, 0x0000000714400000, 0x0000000714400000|100%| E|CS|TAMS 0x0000000714200000| PB 0x0000000714200000| Complete |  0
| 121|0x0000000714400000, 0x0000000714600000, 0x0000000714600000|100%| E|CS|TAMS 0x0000000714400000| PB 0x0000000714400000| Complete |  0
| 122|0x0000000714600000, 0x0000000714800000, 0x0000000714800000|100%| E|CS|TAMS 0x0000000714600000| PB 0x0000000714600000| Complete |  0
| 123|0x0000000714800000, 0x0000000714a00000, 0x0000000714a00000|100%| E|CS|TAMS 0x0000000714800000| PB 0x0000000714800000| Complete |  0
| 124|0x0000000714a00000, 0x0000000714c00000, 0x0000000714c00000|100%| E|CS|TAMS 0x0000000714a00000| PB 0x0000000714a00000| Complete |  0
| 125|0x0000000714c00000, 0x0000000714e00000, 0x0000000714e00000|100%| E|CS|TAMS 0x0000000714c00000| PB 0x0000000714c00000| Complete |  0

Card table byte_map: [0x00000222f8e90000,0x00000222f9670000] _byte_map_base: 0x00000222f5667000

Marking Bits: (CMBitMap*) 0x00000222f7dd7fa0
 Bits: [0x00000222f9670000, 0x00000222fd528000)

Polling page: 0x00000222f7520000

Metaspace:

Usage:
  Non-class:     15.19 MB used.
      Class:      2.15 MB used.
       Both:     17.35 MB used.

Virtual space:
  Non-class space:       64.00 MB reserved,      15.38 MB ( 24%) committed,  1 nodes.
      Class space:        1.00 GB reserved,       2.25 MB ( <1%) committed,  1 nodes.
             Both:        1.06 GB reserved,      17.62 MB (  2%) committed. 

Chunk freelists:
   Non-Class:  144.00 KB
       Class:  13.75 MB
        Both:  13.89 MB

MaxMetaspaceSize: unlimited
CompressedClassSpaceSize: 1.00 GB
Initial GC threshold: 21.00 MB
Current GC threshold: 21.00 MB
CDS: on
 - commit_granule_bytes: 65536.
 - commit_granule_words: 8192.
 - virtual_space_node_default_size: 8388608.
 - enlarge_chunks_in_place: 1.
 - use_allocation_guard: 0.


Internal statistics:

num_allocs_failed_limit: 0.
num_arena_births: 296.
num_arena_deaths: 0.
num_vsnodes_births: 2.
num_vsnodes_deaths: 0.
num_space_committed: 282.
num_space_uncommitted: 0.
num_chunks_returned_to_freelist: 0.
num_chunks_taken_from_freelist: 852.
num_chunk_merges: 0.
num_chunk_splits: 567.
num_chunks_enlarged: 406.
num_inconsistent_stats: 0.

CodeHeap 'non-profiled nmethods': size=119168Kb used=1187Kb max_used=1187Kb free=117980Kb
 bounds [0x000002228fe20000, 0x0000022290090000, 0x0000022297280000]
CodeHeap 'profiled nmethods': size=119104Kb used=5047Kb max_used=5047Kb free=114056Kb
 bounds [0x0000022288280000, 0x0000022288770000, 0x000002228f6d0000]
CodeHeap 'non-nmethods': size=7488Kb used=3141Kb max_used=3163Kb free=4346Kb
 bounds [0x000002228f6d0000, 0x000002228f9f0000, 0x000002228fe20000]
 total_blobs=3182 nmethods=2647 adapters=436
 compilation: enabled
              stopped_count=0, restarted_count=0
 full_count=0

Compilation events (20 events):
Event: 1.442 Thread 0x00000222979b8590 2521       3       java.lang.invoke.SimpleMethodHandle::speciesData (4 bytes)
Event: 1.442 Thread 0x00000222979b8590 nmethod 2521 0x000002228872ef90 code [0x000002228872f120, 0x000002228872f238]
Event: 1.444 Thread 0x0000022297a6c120 nmethod 2514 0x000002228ff34a90 code [0x000002228ff34d00, 0x000002228ff35e38]
Event: 1.444 Thread 0x0000022297a6c120 2522       4       java.util.regex.Pattern$Slice::match (79 bytes)
Event: 1.451 Thread 0x0000022297a6c120 nmethod 2522 0x000002228ff36990 code [0x000002228ff36b40, 0x000002228ff36f00]
Event: 1.451 Thread 0x00000222978f2080 2523       3       java.util.LinkedHashMap::afterNodeAccess (266 bytes)
Event: 1.452 Thread 0x0000022297a6c120 2524       4       jdk.internal.org.objectweb.asm.Frame::execute (2305 bytes)
Event: 1.452 Thread 0x00000222dd694970 2525       3       jdk.internal.org.objectweb.asm.Frame::merge (395 bytes)
Event: 1.452 Thread 0x00000222979b8590 2526       3       jdk.internal.org.objectweb.asm.SymbolTable::addConstant (330 bytes)
Event: 1.452 Thread 0x00000222978f2080 nmethod 2523 0x000002228872f310 code [0x000002228872f540, 0x0000022288730148]
Event: 1.453 Thread 0x00000222dd694970 nmethod 2525 0x0000022288730390 code [0x0000022288730640, 0x0000022288731440]
Event: 1.454 Thread 0x00000222979b8590 nmethod 2526 0x0000022288731a90 code [0x0000022288731f80, 0x0000022288734cb0]
Event: 1.454 Thread 0x00000222dd694970 2528       1       java.lang.reflect.Method::getSharedExceptionTypes (5 bytes)
Event: 1.454 Thread 0x00000222dd694970 nmethod 2528 0x000002228ff37190 code [0x000002228ff37320, 0x000002228ff373f0]
Event: 1.456 Thread 0x00000222979b8590 2529       3       java.lang.invoke.LambdaForm$MH/0x0000022299001800::invoke (25 bytes)
Event: 1.457 Thread 0x00000222979b8590 nmethod 2529 0x0000022288735610 code [0x00000222887357c0, 0x0000022288735cd0]
Event: 1.461 Thread 0x00000222dd62f490 2530       3       jdk.internal.org.objectweb.asm.MethodWriter::visitTryCatchBlock (67 bytes)
Event: 1.461 Thread 0x00000222979b8590 2531       3       jdk.internal.org.objectweb.asm.Handler::<init> (32 bytes)
Event: 1.461 Thread 0x00000222979b8590 nmethod 2531 0x0000022288735e10 code [0x0000022288735fc0, 0x00000222887362b8]
Event: 1.461 Thread 0x00000222dd62f490 nmethod 2530 0x0000022288736390 code [0x0000022288736580, 0x0000022288736c40]

GC Heap History (4 events):
Event: 0.471 GC heap before
{Heap before GC invocations=0 (full 0):
 garbage-first heap   total reserved 4110336K, committed 258048K, used 22528K [0x0000000705200000, 0x0000000800000000)
  region size 2048K, 12 young (24576K), 0 survivors (0K)
 Metaspace       used 2952K, committed 3136K, reserved 1114112K
  class space    used 297K, committed 384K, reserved 1048576K
}
Event: 0.476 GC heap after
{Heap after GC invocations=1 (full 0):
 garbage-first heap   total reserved 4110336K, committed 258048K, used 10274K [0x0000000705200000, 0x0000000800000000)
  region size 2048K, 2 young (4096K), 2 survivors (4096K)
 Metaspace       used 2952K, committed 3136K, reserved 1114112K
  class space    used 297K, committed 384K, reserved 1048576K
}
Event: 0.793 GC heap before
{Heap before GC invocations=1 (full 0):
 garbage-first heap   total reserved 4110336K, committed 258048K, used 26658K [0x0000000705200000, 0x0000000800000000)
  region size 2048K, 11 young (22528K), 2 survivors (4096K)
 Metaspace       used 6884K, committed 7040K, reserved 1114112K
  class space    used 773K, committed 832K, reserved 1048576K
}
Event: 0.796 GC heap after
{Heap after GC invocations=2 (full 0):
 garbage-first heap   total reserved 4110336K, committed 258048K, used 14611K [0x0000000705200000, 0x0000000800000000)
  region size 2048K, 2 young (4096K), 2 survivors (4096K)
 Metaspace       used 6884K, committed 7040K, reserved 1114112K
  class space    used 773K, committed 832K, reserved 1048576K
}

Dll operation events (10 events):
Event: 0.013 Loaded shared library C:\Program Files\Java\jdk-22\bin\java.dll
Event: 0.040 Loaded shared library C:\Program Files\Java\jdk-22\bin\jsvml.dll
Event: 0.115 Loaded shared library C:\Program Files\Java\jdk-22\bin\zip.dll
Event: 0.118 Loaded shared library C:\Program Files\Java\jdk-22\bin\instrument.dll
Event: 0.121 Loaded shared library C:\Program Files\Java\jdk-22\bin\net.dll
Event: 0.122 Loaded shared library C:\Program Files\Java\jdk-22\bin\nio.dll
Event: 0.125 Loaded shared library C:\Program Files\Java\jdk-22\bin\zip.dll
Event: 0.255 Loaded shared library C:\Program Files\Java\jdk-22\bin\extnet.dll
Event: 0.290 Loaded shared library C:\Program Files\Java\jdk-22\bin\jimage.dll
Event: 1.235 Loaded shared library C:\Program Files\Java\jdk-22\bin\le.dll

Deoptimization events (20 events):
Event: 1.354 Thread 0x00000222978ea950 Uncommon trap: trap_request=0xffffff45 fr.pc=0x000002228fe926d4 relative=0x0000000000000054
Event: 1.354 Thread 0x00000222978ea950 Uncommon trap: reason=unstable_if action=reinterpret pc=0x000002228fe926d4 method=java.lang.CharacterData.of(I)Ljava/lang/CharacterData; @ 4 c2
Event: 1.355 Thread 0x00000222978ea950 DEOPT PACKING pc=0x000002228fe926d4 sp=0x0000004b90dfd660
Event: 1.355 Thread 0x00000222978ea950 DEOPT UNPACKING pc=0x000002228f7246a2 sp=0x0000004b90dfd5f8 mode 2
Event: 1.376 Thread 0x00000222f5a61170 Uncommon trap: trap_request=0xffffffc6 fr.pc=0x000002228ff19de0 relative=0x0000000000000380
Event: 1.376 Thread 0x00000222f5a61170 Uncommon trap: reason=bimorphic_or_optimized_type_check action=maybe_recompile pc=0x000002228ff19de0 method=java.nio.Buffer.<init>(IIIILjava/lang/foreign/MemorySegment;)V @ 39 c2
Event: 1.376 Thread 0x00000222f5a61170 DEOPT PACKING pc=0x000002228ff19de0 sp=0x0000004b8eefe720
Event: 1.376 Thread 0x00000222f5a61170 DEOPT UNPACKING pc=0x000002228f7246a2 sp=0x0000004b8eefe6f8 mode 2
Event: 1.376 Thread 0x00000222f5a61170 Uncommon trap: trap_request=0xffffffc6 fr.pc=0x000002228ff19de0 relative=0x0000000000000380
Event: 1.376 Thread 0x00000222f5a61170 Uncommon trap: reason=bimorphic_or_optimized_type_check action=maybe_recompile pc=0x000002228ff19de0 method=java.nio.Buffer.<init>(IIIILjava/lang/foreign/MemorySegment;)V @ 39 c2
Event: 1.376 Thread 0x00000222f5a61170 DEOPT PACKING pc=0x000002228ff19de0 sp=0x0000004b8eefe3f0
Event: 1.376 Thread 0x00000222f5a61170 DEOPT UNPACKING pc=0x000002228f7246a2 sp=0x0000004b8eefe3c8 mode 2
Event: 1.377 Thread 0x00000222f5a61170 Uncommon trap: trap_request=0xffffffc6 fr.pc=0x000002228ff19de0 relative=0x0000000000000380
Event: 1.377 Thread 0x00000222f5a61170 Uncommon trap: reason=bimorphic_or_optimized_type_check action=maybe_recompile pc=0x000002228ff19de0 method=java.nio.Buffer.<init>(IIIILjava/lang/foreign/MemorySegment;)V @ 39 c2
Event: 1.377 Thread 0x00000222f5a61170 DEOPT PACKING pc=0x000002228ff19de0 sp=0x0000004b8eefe710
Event: 1.377 Thread 0x00000222f5a61170 DEOPT UNPACKING pc=0x000002228f7246a2 sp=0x0000004b8eefe6e8 mode 2
Event: 1.378 Thread 0x00000222f5a61170 Uncommon trap: trap_request=0xffffffc6 fr.pc=0x000002228ff19de0 relative=0x0000000000000380
Event: 1.378 Thread 0x00000222f5a61170 Uncommon trap: reason=bimorphic_or_optimized_type_check action=maybe_recompile pc=0x000002228ff19de0 method=java.nio.Buffer.<init>(IIIILjava/lang/foreign/MemorySegment;)V @ 39 c2
Event: 1.378 Thread 0x00000222f5a61170 DEOPT PACKING pc=0x000002228ff19de0 sp=0x0000004b8eefe490
Event: 1.378 Thread 0x00000222f5a61170 DEOPT UNPACKING pc=0x000002228f7246a2 sp=0x0000004b8eefe468 mode 2

Classes loaded (20 events):
Event: 1.365 Loading class java/lang/CloneNotSupportedException
Event: 1.365 Loading class java/lang/CloneNotSupportedException done
Event: 1.377 Loading class java/lang/Deprecated
Event: 1.377 Loading class java/lang/Deprecated done
Event: 1.416 Loading class java/lang/StackTraceElement$HashedModules
Event: 1.417 Loading class java/lang/StackTraceElement$HashedModules done
Event: 1.421 Loading class java/time/ZonedDateTime$1
Event: 1.421 Loading class java/time/ZonedDateTime$1 done
Event: 1.431 Loading class org/xml/sax/ErrorHandler
Event: 1.431 Loading class org/xml/sax/ErrorHandler done
Event: 1.431 Loading class org/xml/sax/EntityResolver
Event: 1.431 Loading class org/xml/sax/EntityResolver done
Event: 1.431 Loading class org/xml/sax/SAXParseException
Event: 1.431 Loading class org/xml/sax/SAXException
Event: 1.433 Loading class org/xml/sax/SAXException done
Event: 1.433 Loading class org/xml/sax/SAXParseException done
Event: 1.433 Loading class javax/xml/parsers/ParserConfigurationException
Event: 1.433 Loading class javax/xml/parsers/ParserConfigurationException done
Event: 1.441 Loading class java/io/CharConversionException
Event: 1.441 Loading class java/io/CharConversionException done

Classes unloaded (0 events):
No events

Classes redefined (0 events):
No events

Internal exceptions (20 events):
Event: 1.015 Thread 0x00000222f5a61170 Exception <a 'java/lang/NoSuchMethodError'{0x0000000714202540}: 'java.lang.Object java.lang.invoke.Invokers$Holder.linkToTargetMethod(java.lang.Object, java.lang.Object, int, java.lang.Object, java.lang.Object)'> (0x0000000714202540) 
thrown [s\open\src\hotspot\share\interpreter\linkResolver.cpp, line 774]
Event: 1.016 Thread 0x00000222f5a61170 Exception <a 'java/lang/NoSuchMethodError'{0x000000071420ff80}: 'java.lang.Object java.lang.invoke.DirectMethodHandle$Holder.newInvokeSpecial(java.lang.Object, int, java.lang.Object)'> (0x000000071420ff80) 
thrown [s\open\src\hotspot\share\interpreter\linkResolver.cpp, line 774]
Event: 1.017 Thread 0x00000222f5a61170 Exception <a 'java/lang/NoSuchMethodError'{0x0000000714214af0}: 'int java.lang.invoke.DirectMethodHandle$Holder.invokeSpecialIFC(java.lang.Object, java.lang.Object, java.lang.Object, java.lang.Object)'> (0x0000000714214af0) 
thrown [s\open\src\hotspot\share\interpreter\linkResolver.cpp, line 774]
Event: 1.038 Thread 0x00000222f5a61170 Exception <a 'java/lang/NoSuchMethodError'{0x00000007142fe3e8}: 'void java.lang.invoke.DirectMethodHandle$Holder.invokeInterface(java.lang.Object, java.lang.Object, java.lang.Object)'> (0x00000007142fe3e8) 
thrown [s\open\src\hotspot\share\interpreter\linkResolver.cpp, line 774]
Event: 1.058 Thread 0x00000222f5a61170 Exception <a 'java/lang/NoSuchMethodError'{0x0000000714386b00}: 'java.lang.reflect.Field[] java.lang.Class.getDeclaredFields(java.lang.Class)'> (0x0000000714386b00) 
thrown [s\open\src\hotspot\share\interpreter\linkResolver.cpp, line 774]
Event: 1.059 Thread 0x00000222f5a61170 Exception <a 'java/lang/NoSuchMethodError'{0x000000071438b538}: 'java.lang.Object java.lang.invoke.DirectMethodHandle$Holder.invokeStatic(java.lang.Object, java.lang.Object, int)'> (0x000000071438b538) 
thrown [s\open\src\hotspot\share\interpreter\linkResolver.cpp, line 774]
Event: 1.061 Thread 0x00000222f5a61170 Exception <a 'java/lang/NoSuchMethodError'{0x0000000714396958}: 'void java.lang.invoke.DelegatingMethodHandle$Holder.delegate(java.lang.Object, java.lang.Object, int, java.lang.Object)'> (0x0000000714396958) 
thrown [s\open\src\hotspot\share\interpreter\linkResolver.cpp, line 774]
Event: 1.118 Thread 0x00000222f5a61170 Exception <a 'java/lang/NoSuchMethodError'{0x00000007140c64f8}: 'void java.lang.invoke.DirectMethodHandle$Holder.invokeStaticInit(java.lang.Object, java.lang.Object, java.lang.Object)'> (0x00000007140c64f8) 
thrown [s\open\src\hotspot\share\interpreter\linkResolver.cpp, line 774]
Event: 1.121 Thread 0x00000222f5a61170 Exception <a 'java/lang/NoSuchMethodError'{0x00000007140e1808}: 'java.lang.Object java.lang.invoke.DirectMethodHandle$Holder.invokeVirtual(java.lang.Object, java.lang.Object, java.lang.Object)'> (0x00000007140e1808) 
thrown [s\open\src\hotspot\share\interpreter\linkResolver.cpp, line 774]
Event: 1.138 Thread 0x00000222f5a61170 Exception <a 'java/lang/NoSuchMethodError'{0x0000000714164d30}: 'void java.lang.invoke.DirectMethodHandle$Holder.invokeVirtual(java.lang.Object, java.lang.Object, java.lang.Object, java.lang.Object)'> (0x0000000714164d30) 
thrown [s\open\src\hotspot\share\interpreter\linkResolver.cpp, line 774]
Event: 1.197 Thread 0x00000222f5a61170 Exception <a 'java/lang/NoSuchMethodError'{0x0000000713f72180}: 'void java.lang.invoke.DirectMethodHandle$Holder.invokeSpecial(java.lang.Object, java.lang.Object, java.lang.Object)'> (0x0000000713f72180) 
thrown [s\open\src\hotspot\share\interpreter\linkResolver.cpp, line 774]
Event: 1.207 Thread 0x00000222f5a61170 Exception <a 'java/lang/IncompatibleClassChangeError'{0x0000000713c30dd0}: Found class java.lang.Object, but interface was expected> (0x0000000713c30dd0) 
thrown [s\open\src\hotspot\share\interpreter\linkResolver.cpp, line 841]
Event: 1.213 Thread 0x00000222f5a61170 Exception <a 'java/lang/NoSuchMethodError'{0x0000000713c46e40}: 'java.lang.Object java.lang.invoke.DirectMethodHandle$Holder.invokeStaticInit(java.lang.Object, int)'> (0x0000000713c46e40) 
thrown [s\open\src\hotspot\share\interpreter\linkResolver.cpp, line 774]
Event: 1.217 Thread 0x00000222f5a61170 Exception <a 'java/lang/NoSuchMethodError'{0x0000000713c51220}: 'java.lang.Object java.lang.invoke.DirectMethodHandle$Holder.invokeStatic(java.lang.Object, int, java.lang.Object)'> (0x0000000713c51220) 
thrown [s\open\src\hotspot\share\interpreter\linkResolver.cpp, line 774]
Event: 1.218 Thread 0x00000222f5a61170 Exception <a 'java/lang/NoSuchMethodError'{0x0000000713c548a0}: 'java.lang.Object java.lang.invoke.DirectMethodHandle$Holder.invokeStaticInit(java.lang.Object, int, java.lang.Object)'> (0x0000000713c548a0) 
thrown [s\open\src\hotspot\share\interpreter\linkResolver.cpp, line 774]
Event: 1.229 Thread 0x00000222f5a61170 Exception <a 'sun/nio/fs/WindowsException'{0x0000000713cbfb08}> (0x0000000713cbfb08) 
thrown [s\open\src\hotspot\share\prims\jni.cpp, line 520]
Event: 1.238 Thread 0x00000222f5a61170 Exception <a 'jdk/internal/org/jline/terminal/impl/jna/LastErrorException'{0x0000000713ccc0b8}> (0x0000000713ccc0b8) 
thrown [s\open\src\hotspot\share\prims\jni.cpp, line 520]
Event: 1.238 Thread 0x00000222f5a61170 Exception <a 'jdk/internal/org/jline/terminal/impl/jna/LastErrorException'{0x0000000713ccc778}> (0x0000000713ccc778) 
thrown [s\open\src\hotspot\share\prims\jni.cpp, line 520]
Event: 1.238 Thread 0x00000222f5a61170 Exception <a 'jdk/internal/org/jline/terminal/impl/jna/LastErrorException'{0x0000000713cccde8}> (0x0000000713cccde8) 
thrown [s\open\src\hotspot\share\prims\jni.cpp, line 520]
Event: 1.297 Thread 0x00000222f5a61170 Exception <a 'java/lang/NoSuchMethodError'{0x0000000713217818}: 'int java.lang.invoke.DirectMethodHandle$Holder.invokeVirtual(java.lang.Object, java.lang.Object)'> (0x0000000713217818) 
thrown [s\open\src\hotspot\share\interpreter\linkResolver.cpp, line 774]

ZGC Phase Switch (0 events):
No events

VM Operations (20 events):
Event: 0.693 Executing VM operation: HandshakeAllThreads (Deoptimize)
Event: 0.693 Executing VM operation: HandshakeAllThreads (Deoptimize) done
Event: 0.774 Executing VM operation: HandshakeAllThreads (Deoptimize)
Event: 0.774 Executing VM operation: HandshakeAllThreads (Deoptimize) done
Event: 0.782 Executing VM operation: HandshakeAllThreads (Deoptimize)
Event: 0.782 Executing VM operation: HandshakeAllThreads (Deoptimize) done
Event: 0.793 Executing VM operation: G1CollectForAllocation (G1 Evacuation Pause)
Event: 0.796 Executing VM operation: G1CollectForAllocation (G1 Evacuation Pause) done
Event: 1.059 Executing VM operation: HandshakeAllThreads (Deoptimize)
Event: 1.059 Executing VM operation: HandshakeAllThreads (Deoptimize) done
Event: 1.069 Executing VM operation: ICBufferFull
Event: 1.069 Executing VM operation: ICBufferFull done
Event: 1.191 Executing VM operation: HandshakeAllThreads (Deoptimize)
Event: 1.191 Executing VM operation: HandshakeAllThreads (Deoptimize) done
Event: 1.195 Executing VM operation: HandshakeAllThreads (Deoptimize)
Event: 1.195 Executing VM operation: HandshakeAllThreads (Deoptimize) done
Event: 1.195 Executing VM operation: HandshakeAllThreads (Deoptimize)
Event: 1.195 Executing VM operation: HandshakeAllThreads (Deoptimize) done
Event: 1.355 Executing VM operation: HandshakeAllThreads (Deoptimize)
Event: 1.355 Executing VM operation: HandshakeAllThreads (Deoptimize) done

Events (20 events):
Event: 0.038 Thread 0x00000222978db1d0 Thread added: 0x00000222978db1d0
Event: 0.038 Thread 0x00000222978dbff0 Thread added: 0x00000222978dbff0
Event: 0.038 Thread 0x00000222978de020 Thread added: 0x00000222978de020
Event: 0.038 Thread 0x00000222978e3570 Thread added: 0x00000222978e3570
Event: 0.038 Thread 0x00000222978ed740 Thread added: 0x00000222978ed740
Event: 0.038 Thread 0x00000222978ec390 Thread added: 0x00000222978ec390
Event: 0.038 Thread 0x00000222978f01b0 Thread added: 0x00000222978f01b0
Event: 0.038 Thread 0x00000222978f2080 Thread added: 0x00000222978f2080
Event: 0.042 Thread 0x00000222979b8590 Thread added: 0x00000222979b8590
Event: 0.103 Thread 0x00000222978ebd00 Thread added: 0x00000222978ebd00
Event: 0.112 Thread 0x0000022297a6c120 Thread added: 0x0000022297a6c120
Event: 0.249 Thread 0x00000222978ea2c0 Thread added: 0x00000222978ea2c0
Event: 0.249 Thread 0x00000222978eb670 Thread added: 0x00000222978eb670
Event: 0.366 Thread 0x00000222dd62f490 Thread added: 0x00000222dd62f490
Event: 0.367 Thread 0x00000222dd694970 Thread added: 0x00000222dd694970
Event: 0.374 Thread 0x00000222dd595270 Thread added: 0x00000222dd595270
Event: 0.485 Thread 0x00000222dd9698a0 Thread added: 0x00000222dd9698a0
Event: 1.084 Thread 0x00000222978ea950 Thread added: 0x00000222978ea950
Event: 1.101 Thread 0x00000222978ea950 Thread exited: 0x00000222978ea950
Event: 1.200 Thread 0x00000222978ea950 Thread added: 0x00000222978ea950


Dynamic libraries:
0x00007ff700d00000 - 0x00007ff700d10000 	C:\Program Files\Java\jdk-22\bin\java.exe
0x00007ffccba90000 - 0x00007ffccbca8000 	C:\windows\SYSTEM32\ntdll.dll
0x00007ffcca250000 - 0x00007ffcca314000 	C:\windows\System32\KERNEL32.DLL
0x00007ffcc8cf0000 - 0x00007ffcc90c3000 	C:\windows\System32\KERNELBASE.dll
0x00007ffcc9290000 - 0x00007ffcc93a1000 	C:\windows\System32\ucrtbase.dll
0x00007ffcbfde0000 - 0x00007ffcbfdf7000 	C:\Program Files\Java\jdk-22\bin\jli.dll
0x00007ffcbfe00000 - 0x00007ffcbfe1b000 	C:\Program Files\Java\jdk-22\bin\VCRUNTIME140.dll
0x00007ffcca190000 - 0x00007ffcca241000 	C:\windows\System32\ADVAPI32.dll
0x00007ffcc9ec0000 - 0x00007ffcc9f67000 	C:\windows\System32\msvcrt.dll
0x00007ffcc9bf0000 - 0x00007ffcc9c98000 	C:\windows\System32\sechost.dll
0x00007ffcc95c0000 - 0x00007ffcc95e8000 	C:\windows\System32\bcrypt.dll
0x00007ffcc9cb0000 - 0x00007ffcc9dc8000 	C:\windows\System32\RPCRT4.dll
0x00007ffccb360000 - 0x00007ffccb512000 	C:\windows\System32\USER32.dll
0x00007ffcc8b90000 - 0x00007ffcc8bb6000 	C:\windows\System32\win32u.dll
0x00007ffcca3e0000 - 0x00007ffcca409000 	C:\windows\System32\GDI32.dll
0x00007ffcc8bc0000 - 0x00007ffcc8ce3000 	C:\windows\System32\gdi32full.dll
0x00007ffcc93b0000 - 0x00007ffcc944a000 	C:\windows\System32\msvcp_win.dll
0x00007ffca5120000 - 0x00007ffca53bc000 	C:\windows\WinSxS\amd64_microsoft.windows.common-controls_6595b64144ccf1df_6.0.22621.6060_none_2712eda17382d24b\COMCTL32.dll
0x00007ffcb8780000 - 0x00007ffcb878a000 	C:\windows\SYSTEM32\VERSION.dll
0x00007ffcca3a0000 - 0x00007ffcca3d1000 	C:\windows\System32\IMM32.DLL
0x00007ffcc12c0000 - 0x00007ffcc12cc000 	C:\Program Files\Java\jdk-22\bin\vcruntime140_1.dll
0x00007ffc582b0000 - 0x00007ffc5833e000 	C:\Program Files\Java\jdk-22\bin\msvcp140.dll
0x00007ffc1da20000 - 0x00007ffc1e768000 	C:\Program Files\Java\jdk-22\bin\server\jvm.dll
0x00007ffccb8c0000 - 0x00007ffccb931000 	C:\windows\System32\WS2_32.dll
0x00007ffcc89b0000 - 0x00007ffcc89fd000 	C:\windows\SYSTEM32\POWRPROF.dll
0x00007ffcbfab0000 - 0x00007ffcbfae4000 	C:\windows\SYSTEM32\WINMM.dll
0x00007ffcc8890000 - 0x00007ffcc88a3000 	C:\windows\SYSTEM32\UMPDC.dll
0x00007ffcc7b40000 - 0x00007ffcc7b58000 	C:\windows\SYSTEM32\kernel.appcore.dll
0x00007ffcbff20000 - 0x00007ffcbff2a000 	C:\Program Files\Java\jdk-22\bin\jimage.dll
0x00007ffcc64d0000 - 0x00007ffcc6703000 	C:\windows\SYSTEM32\DBGHELP.DLL
0x00007ffccb520000 - 0x00007ffccb8b2000 	C:\windows\System32\combase.dll
0x00007ffcc9b00000 - 0x00007ffcc9bd8000 	C:\windows\System32\OLEAUT32.dll
0x00007ffca3250000 - 0x00007ffca3282000 	C:\windows\SYSTEM32\dbgcore.DLL
0x00007ffcc95f0000 - 0x00007ffcc966b000 	C:\windows\System32\bcryptPrimitives.dll
0x00007ffcc0ae0000 - 0x00007ffcc0aef000 	C:\Program Files\Java\jdk-22\bin\instrument.dll
0x00007ffcaa9f0000 - 0x00007ffcaaa0e000 	C:\Program Files\Java\jdk-22\bin\java.dll
0x00007ffcca890000 - 0x00007ffccb12e000 	C:\windows\System32\SHELL32.dll
0x00007ffcc9150000 - 0x00007ffcc928f000 	C:\windows\System32\wintypes.dll
0x00007ffcc9730000 - 0x00007ffcc98d0000 	C:\windows\System32\ole32.dll
0x00007ffcc6a20000 - 0x00007ffcc7338000 	C:\windows\SYSTEM32\windows.storage.dll
0x00007ffccb940000 - 0x00007ffccba44000 	C:\windows\System32\SHCORE.dll
0x00007ffcc9e40000 - 0x00007ffcc9ea9000 	C:\windows\System32\shlwapi.dll
0x00007ffcc8ac0000 - 0x00007ffcc8ae5000 	C:\windows\SYSTEM32\profapi.dll
0x00007ffc4a950000 - 0x00007ffc4aa27000 	C:\Program Files\Java\jdk-22\bin\jsvml.dll
0x00007ffca8400000 - 0x00007ffca8417000 	C:\Program Files\Java\jdk-22\bin\zip.dll
0x00007ffcaad70000 - 0x00007ffcaad80000 	C:\Program Files\Java\jdk-22\bin\net.dll
0x00007ffcc8040000 - 0x00007ffcc80a9000 	C:\windows\system32\mswsock.dll
0x00007ffca93a0000 - 0x00007ffca93b6000 	C:\Program Files\Java\jdk-22\bin\nio.dll
0x00007ffcaab90000 - 0x00007ffcaab99000 	C:\Program Files\Java\jdk-22\bin\extnet.dll
0x00007ffcc75a0000 - 0x00007ffcc75cd000 	C:\windows\SYSTEM32\IPHLPAPI.DLL
0x00007ffccb240000 - 0x00007ffccb249000 	C:\windows\System32\NSI.dll
0x00007ffcc7610000 - 0x00007ffcc7708000 	C:\windows\SYSTEM32\DNSAPI.dll
0x0000000057860000 - 0x0000000057886000 	C:\Program Files\Bonjour\mdnsNSP.dll
0x00007ffcbfd50000 - 0x00007ffcbfd5a000 	C:\Windows\System32\rasadhlp.dll
0x00007ffcbe5e0000 - 0x00007ffcbe664000 	C:\windows\System32\fwpuclnt.dll
0x00007ffca9c60000 - 0x00007ffca9c6b000 	C:\Program Files\Java\jdk-22\bin\le.dll

dbghelp: loaded successfully - version: 4.0.5 - missing functions: none
symbol engine: initialized successfully - sym options: 0x614 - pdb path: .;C:\Program Files\Java\jdk-22\bin;C:\windows\SYSTEM32;C:\windows\WinSxS\amd64_microsoft.windows.common-controls_6595b64144ccf1df_6.0.22621.6060_none_2712eda17382d24b;C:\Program Files\Java\jdk-22\bin\server;C:\Program Files\Bonjour

VM Arguments:
jvm_args: -javaagent:C:\Program Files\JetBrains\IntelliJ IDEA Community Edition 2025.2.3\lib\idea_rt.jar=51008 -Dfile.encoding=UTF-8 -Dsun.stdout.encoding=UTF-8 -Dsun.stderr.encoding=UTF-8 
java_command: com.EurekaServerApplication
java_class_path (initial): C:\Users\saiha\OneDrive\Desktop\banking-microservices\eureka-server\target\classes;C:\Users\saiha\.m2\repository\org\springframework\boot\spring-boot-starter-web\3.4.11\spring-boot-starter-web-3.4.11.jar;C:\Users\saiha\.m2\repository\org\springframework\boot\spring-boot-starter\3.4.11\spring-boot-starter-3.4.11.jar;C:\Users\saiha\.m2\repository\org\springframework\boot\spring-boot\3.4.11\spring-boot-3.4.11.jar;C:\Users\saiha\.m2\repository\org\springframework\boot\spring-boot-autoconfigure\3.4.11\spring-boot-autoconfigure-3.4.11.jar;C:\Users\saiha\.m2\repository\org\springframework\boot\spring-boot-starter-logging\3.4.11\spring-boot-starter-logging-3.4.11.jar;C:\Users\saiha\.m2\repository\ch\qos\logback\logback-classic\1.5.20\logback-classic-1.5.20.jar;C:\Users\saiha\.m2\repository\ch\qos\logback\logback-core\1.5.20\logback-core-1.5.20.jar;C:\Users\saiha\.m2\repository\org\apache\logging\log4j\log4j-to-slf4j\2.24.3\log4j-to-slf4j-2.24.3.jar;C:\Users\saiha\.m2\repository\org\apache\logging\log4j\log4j-api\2.24.3\log4j-api-2.24.3.jar;C:\Users\saiha\.m2\repository\org\slf4j\jul-to-slf4j\2.0.17\jul-to-slf4j-2.0.17.jar;C:\Users\saiha\.m2\repository\jakarta\annotation\jakarta.annotation-api\2.1.1\jakarta.annotation-api-2.1.1.jar;C:\Users\saiha\.m2\repository\org\yaml\snakeyaml\2.3\snakeyaml-2.3.jar;C:\Users\saiha\.m2\repository\org\springframework\boot\spring-boot-starter-json\3.4.11\spring-boot-starter-json-3.4.11.jar;C:\Users\saiha\.m2\repository\com\fasterxml\jackson\core\jackson-databind\2.18.4\jackson-databind-2.18.4.jar;C:\Users\saiha\.m2\repository\com\fasterxml\jackson\core\jackson-annotations\2.18.4\jackson-annotations-2.18.4.jar;C:\Users\saiha\.m2\repository\com\fasterxml\jackson\core\jackson-core\2.18.4.1\jackson-core-2.18.4.1.jar;C:\Users\saiha\.m2\repository\com\fasterxml\jackson\datatype\jackson-datatype-jdk8\2.18.4\jackson-datatype-jdk8-2.18.4.jar;C:\Users\saiha\.m2\repository\com\fasterxml\jackson\datatype\jackson-datatype-jsr310\2.18.4\jackson-datatype-jsr310-2.18.4.jar;C:\Users\saiha\.m2\repository\com\fasterxml\jackson\module\jackson-module-parameter-names\2.18.4\jackson-module-parameter-names-2.18.4.jar;C:\Users\saiha\.m2\repository\org\springframework\boot\spring-boot-starter-tomcat\3.4.11\spring-boot-starter-tomcat-3.4.11.jar;C:\Users\saiha\.m2\repository\org\apache\tomcat\embed\tomcat-embed-core\10.1.48\tomcat-embed-core-10.1.48.jar;C:\Users\saiha\.m2\repository\org\apache\tomcat\embed\tomcat-embed-el\10.1.48\tomcat-embed-el-10.1.48.jar;C:\Users\saiha\.m2\repository\org\apache\tomcat\embed\tomcat-embed-websocket\10.1.48\tomcat-embed-websocket-10.1.48.jar;C:\Users\saiha\.m2\repository\org\springframework\spring-web\6.2.12\spring-web-6.2.12.jar;C:\Users\saiha\.m2\repository\org\springframework\spring-beans\6.2.12\spring-beans-6.2.12.jar;C:\Users\saiha\.m2\repository\io\micrometer\micrometer-observation\1.14.12\micrometer-observation-1.14.12.jar;C:\Users\saiha\.m2\repository\io\micrometer\micrometer-commons\1.14.12\micrometer-commons-1.14.12.jar;C:\Users\saiha\.m2\repository\org\springframework\spring-webmvc\6.2.12\spring-webmvc-6.2.12.jar;C:\Users\saiha\.m2\repository\org\springframework\spring-aop\6.2.12\spring-aop-6.2.12.jar;C:\Users\saiha\.m2\repository\org\springframework\spring-context\6.2.12\spring-context-6.2.12.jar;C:\Users\saiha\.m2\repository\org\springframework\spring-expression\6.2.12\spring-expression-6.2.12.jar;C:\Users\saiha\.m2\repository\org\springframework\cloud\spring-cloud-starter-netflix-eureka-server\4.2.2\spring-cloud-starter-netflix-eureka-server-4.2.2.jar;C:\Users\saiha\.m2\repository\org\springframework\cloud\spring-cloud-starter\4.2.2\spring-cloud-starter-4.2.2.jar;C:\Users\saiha\.m2\repository\org\springframework\cloud\spring-cloud-context\4.2.2\spring-cloud-context-4.2.2.jar;C:\Users\saiha\.m2\repository\org\springframework\security\spring-security-crypto\6.4.12\spring-security-crypto-6.4.12.jar;C:\Users\saiha\.m2\repository\org\springframework\cloud\spring-cloud-commons\4.2.2\spring-cloud-commons-4.2.2.jar;C:\Users\saiha\.m2\repository\org\bouncycastle\bcprov-jdk18on\1.78.1\bcprov-jdk18on-1.78.1.jar;C:\Users\saiha\.m2\repository\org\springframework\cloud\spring-cloud-netflix-eureka-server\4.2.2\spring-cloud-netflix-eureka-server-4.2.2.jar;C:\Users\saiha\.m2\repository\org\springframework\boot\spring-boot-starter-actuator\3.4.11\spring-boot-starter-actuator-3.4.11.jar;C:\Users\saiha\.m2\repository\org\springframework\boot\spring-boot-actuator-autoconfigure\3.4.11\spring-boot-actuator-autoconfigure-3.4.11.jar;C:\Users\saiha\.m2\repository\org\springframework\boot\spring-boot-actuator\3.4.11\spring-boot-actuator-3.4.11.jar;C:\Users\saiha\.m2\repository\io\micrometer\micrometer-jakarta9\1.14.12\micrometer-jakarta9-1.14.12.jar;C:\Users\saiha\.m2\repository\io\micrometer\micrometer-core\1.14.12\micrometer-core-1.14.12.jar;C:\Users\saiha\.m2\repository\org\hdrhistogram\HdrHistogram\2.2.2\HdrHistogram-2.2.2.jar;C:\Users\saiha\.m2\repository\org\latencyutils\LatencyUtils\2.0.3\LatencyUtils-2.0.3.jar;C:\Users\saiha\.m2\repository\org\springframework\boot\spring-boot-starter-freemarker\3.4.11\spring-boot-starter-freemarker-3.4.11.jar;C:\Users\saiha\.m2\repository\org\freemarker\freemarker\2.3.34\freemarker-2.3.34.jar;C:\Users\saiha\.m2\repository\org\springframework\spring-context-support\6.2.12\spring-context-support-6.2.12.jar;C:\Users\saiha\.m2\repository\org\springframework\cloud\spring-cloud-netflix-eureka-client\4.2.2\spring-cloud-netflix-eureka-client-4.2.2.jar;C:\Users\saiha\.m2\repository\com\netflix\eureka\eureka-client\2.0.5\eureka-client-2.0.5.jar;C:\Users\saiha\.m2\repository\com\thoughtworks\xstream\xstream\1.4.21\xstream-1.4.21.jar;C:\Users\saiha\.m2\repository\io\github\x-stream\mxparser\1.2.2\mxparser-1.2.2.jar;C:\Users\saiha\.m2\repository\xmlpull\xmlpull\1.1.3.1\xmlpull-1.1.3.1.jar;C:\Users\saiha\.m2\repository\com\netflix\spectator\spectator-api\1.7.3\spectator-api-1.7.3.jar;C:\Users\saiha\.m2\repository\org\apache\httpcomponents\httpclient\4.5.3\httpclient-4.5.3.jar;C:\Users\saiha\.m2\repository\org\apache\httpcomponents\httpcore\4.4.16\httpcore-4.4.16.jar;C:\Users\saiha\.m2\repository\commons-configuration\commons-configuration\1.10\commons-configuration-1.10.jar;C:\Users\saiha\.m2\repository\commons-lang\commons-lang\2.6\commons-lang-2.6.jar;C:\Users\saiha\.m2\repository\com\netflix\netflix-commons\netflix-eventbus\0.3.0\netflix-eventbus-0.3.0.jar;C:\Users\saiha\.m2\repository\com\netflix\netflix-commons\netflix-infix\0.3.0\netflix-infix-0.3.0.jar;C:\Users\saiha\.m2\repository\commons-jxpath\commons-jxpath\1.3\commons-jxpath-1.3.jar;C:\Users\saiha\.m2\repository\joda-time\joda-time\2.3\joda-time-2.3.jar;C:\Users\saiha\.m2\repository\org\antlr\antlr-runtime\3.4\antlr-runtime-3.4.jar;C:\Users\saiha\.m2\repository\org\antlr\stringtemplate\3.2.1\stringtemplate-3.2.1.jar;C:\Users\saiha\.m2\repository\antlr\antlr\2.7.7\antlr-2.7.7.jar;C:\Users\saiha\.m2\repository\com\google\code\gson\gson\2.11.0\gson-2.11.0.jar;C:\Users\saiha\.m2\repository\com\netflix\servo\servo-core\0.5.3\servo-core-0.5.3.jar;C:\Users\saiha\.m2\repository\org\apache\commons\commons-math\2.2\commons-math-2.2.jar;C:\Users\saiha\.m2\repository\javax\annotation\javax.annotation-api\1.2\javax.annotation-api-1.2.jar;C:\Users\saiha\.m2\repository\org\codehaus\jettison\jettison\1.5.4\jettison-1.5.4.jar;C:\Users\saiha\.m2\repository\org\apache\httpcomponents\client5\httpclient5\5.4.4\httpclient5-5.4.4.jar;C:\Users\saiha\.m2\repository\org\apache\httpcomponents\core5\httpcore5\5.3.6\httpcore5-5.3.6.jar;C:\Users\saiha\.m2\repository\org\apache\httpcomponents\core5\httpcore5-h2\5.3.6\httpcore5-h2-5.3.6.jar;C:\Users\saiha\.m2\repository\com\netflix\eureka\eureka-client-jersey3\2.0.5\eureka-client-jersey3-2.0.5.jar;C:\Users\saiha\.m2\repository\org\glassfish\jersey\connectors\jersey-apache-connector\3.1.11\jersey-apache-connector-3.1.11.jar;C:\Users\saiha\.m2\repository\commons-codec\commons-codec\1.17.2\commons-codec-1.17.2.jar;C:\Users\saiha\.m2\repository\com\netflix\eureka\eureka-core-jersey3\2.0.5\eureka-core-jersey3-2.0.5.jar;C:\Users\saiha\.m2\repository\com\netflix\eureka\eureka-core\2.0.5\eureka-core-2.0.5.jar;C:\Users\saiha\.m2\repository\com\google\guava\guava\33.0.0-jre\guava-33.0.0-jre.jar;C:\Users\saiha\.m2\repository\com\google\guava\failureaccess\1.0.2\failureaccess-1.0.2.jar;C:\Users\saiha\.m2\repository\com\google\guava\listenablefuture\9999.0-empty-to-avoid-conflict-with-guava\listenablefuture-9999.0-empty-to-avoid-conflict-with-guava.jar;C:\Users\saiha\.m2\repository\org\checkerframework\checker-qual\3.41.0\checker-qual-3.41.0.jar;C:\Users\saiha\.m2\repository\com\google\errorprone\error_prone_annotations\2.23.0\error_prone_annotations-2.23.0.jar;C:\Users\saiha\.m2\repository\com\google\j2objc\j2objc-annotations\2.8\j2objc-annotations-2.8.jar;C:\Users\saiha\.m2\repository\org\glassfish\jersey\containers\jersey-container-servlet\3.1.11\jersey-container-servlet-3.1.11.jar;C:\Users\saiha\.m2\repository\org\glassfish\jersey\containers\jersey-container-servlet-core\3.1.11\jersey-container-servlet-core-3.1.11.jar;C:\Users\saiha\.m2\repository\org\glassfish\jersey\core\jersey-common\3.1.11\jersey-common-3.1.11.jar;C:\Users\saiha\.m2\repository\org\glassfish\hk2\osgi-resource-locator\1.0.3\osgi-resource-locator-1.0.3.jar;C:\Users\saiha\.m2\repository\jakarta\ws\rs\jakarta.ws.rs-api\3.1.0\jakarta.ws.rs-api-3.1.0.jar;C:\Users\saiha\.m2\repository\org\glassfish\jersey\core\jersey-server\3.1.11\jersey-server-3.1.11.jar;C:\Users\saiha\.m2\repository\jakarta\inject\jakarta.inject-api\2.0.1\jakarta.inject-api-2.0.1.jar;C:\Users\saiha\.m2\repository\jakarta\validation\jakarta.validation-api\3.0.2\jakarta.validation-api-3.0.2.jar;C:\Users\saiha\.m2\repository\org\glassfish\jersey\core\jersey-client\3.1.11\jersey-client-3.1.11.jar;C:\Users\saiha\.m2\repository\org\glassfish\jersey\inject\jersey-hk2\3.1.11\jersey-hk2-3.1.11.jar;C:\Users\saiha\.m2\repository\org\glassfish\hk2\hk2-locator\3.0.6\hk2-locator-3.0.6.jar;C:\Users\saiha\.m2\repository\org\glassfish\hk2\hk2-utils\3.0.6\hk2-utils-3.0.6.jar;C:\Users\saiha\.m2\repository\org\javassist\javassist\3.30.2-GA\javassist-3.30.2-GA.jar;C:\Users\saiha\.m2\repository\org\glassfish\hk2\spring-bridge\3.1.1\spring-bridge-3.1.1.jar;C:\Users\saiha\.m2\repository\org\glassfish\hk2\hk2-api\3.1.1\hk2-api-3.1.1.jar;C:\Users\saiha\.m2\repository\com\fasterxml\jackson\dataformat\jackson-dataformat-xml\2.18.4\jackson-dataformat-xml-2.18.4.jar;C:\Users\saiha\.m2\repository\org\codehaus\woodstox\stax2-api\4.2.2\stax2-api-4.2.2.jar;C:\Users\saiha\.m2\repository\com\fasterxml\woodstox\woodstox-core\7.0.0\woodstox-core-7.0.0.jar;C:\Users\saiha\.m2\repository\org\springframework\cloud\spring-cloud-starter-loadbalancer\4.2.2\spring-cloud-starter-loadbalancer-4.2.2.jar;C:\Users\saiha\.m2\repository\org\springframework\cloud\spring-cloud-loadbalancer\4.2.2\spring-cloud-loadbalancer-4.2.2.jar;C:\Users\saiha\.m2\repository\io\projectreactor\reactor-core\3.7.12\reactor-core-3.7.12.jar;C:\Users\saiha\.m2\repository\org\reactivestreams\reactive-streams\1.0.4\reactive-streams-1.0.4.jar;C:\Users\saiha\.m2\repository\io\projectreactor\addons\reactor-extra\3.5.4\reactor-extra-3.5.4.jar;C:\Users\saiha\.m2\repository\org\springframework\boot\spring-boot-starter-cache\3.4.11\spring-boot-starter-cache-3.4.11.jar;C:\Users\saiha\.m2\repository\com\stoyanr\evictor\1.0.0\evictor-1.0.0.jar;C:\Users\saiha\.m2\repository\org\glassfish\jaxb\jaxb-runtime\4.0.6\jaxb-runtime-4.0.6.jar;C:\Users\saiha\.m2\repository\org\glassfish\jaxb\jaxb-core\4.0.6\jaxb-core-4.0.6.jar;C:\Users\saiha\.m2\repository\org\eclipse\angus\angus-activation\2.0.3\angus-activation-2.0.3.jar;C:\Users\saiha\.m2\repository\org\glassfish\jaxb\txw2\4.0.6\txw2-4.0.6.jar;C:\Users\saiha\.m2\repository\com\sun\istack\istack-commons-runtime\4.1.2\istack-commons-runtime-4.1.2.jar;C:\Users\saiha\.m2\repository\org\slf4j\slf4j-api\2.0.17\slf4j-api-2.0.17.jar;C:\Users\saiha\.m2\repository\jakarta\xml\bind\jakarta.xml.bind-api\4.0.4\jakarta.xml.bind-api-4.0.4.jar;C:\Users\saiha\.m2\repository\jakarta\activation\jakarta.activation-api\2.1.4\jakarta.activation-api-2.1.4.jar;C:\Users\saiha\.m2\repository\org\springframework\spring-core\6.2.12\spring-core-6.2.12.jar;C:\Users\saiha\.m2\repository\org\springframework\spring-jcl\6.2.12\spring-jcl-6.2.12.jar
Launcher Type: SUN_STANDARD

[Global flags]
     intx CICompilerCount                          = 12                                        {product} {ergonomic}
     uint ConcGCThreads                            = 3                                         {product} {ergonomic}
     uint G1ConcRefinementThreads                  = 13                                        {product} {ergonomic}
   size_t G1HeapRegionSize                         = 2097152                                   {product} {ergonomic}
   size_t InitialHeapSize                          = 264241152                                 {product} {ergonomic}
   size_t MarkStackSize                            = 4194304                                   {product} {ergonomic}
   size_t MaxHeapSize                              = 4208984064                                {product} {ergonomic}
   size_t MaxNewSize                               = 2524971008                                {product} {ergonomic}
   size_t MinHeapDeltaBytes                        = 2097152                                   {product} {ergonomic}
   size_t MinHeapSize                              = 8388608                                   {product} {ergonomic}
    uintx NonNMethodCodeHeapSize                   = 7602480                                {pd product} {ergonomic}
    uintx NonProfiledCodeHeapSize                  = 122027880                              {pd product} {ergonomic}
    uintx ProfiledCodeHeapSize                     = 122027880                              {pd product} {ergonomic}
    uintx ReservedCodeCacheSize                    = 251658240                              {pd product} {ergonomic}
     bool SegmentedCodeCache                       = true                                      {product} {ergonomic}
   size_t SoftMaxHeapSize                          = 4208984064                             {manageable} {ergonomic}
     bool UseCompressedOops                        = true                           {product lp64_product} {ergonomic}
     bool UseG1GC                                  = true                                      {product} {ergonomic}
     bool UseLargePagesIndividualAllocation        = false                                  {pd product} {ergonomic}

Logging:
Log output configuration:
 #0: stdout all=warning uptime,level,tags foldmultilines=false
 #1: stderr all=off uptime,level,tags foldmultilines=false

Environment Variables:
JAVA_HOME=C:\Program Files\Java\jdk-17
PATH=C:\Users\saiha\Downloads\apache-maven-3.9.11-bin\apache-maven-3.9.11\bin;C:\Program Files\Java\jdk-17\bin;C:\AppOracleDB\db_home\bin;C:\oracle\product\10.2.0\db_1\bin;C:\Program Files\Common Files\Oracle\Java\javapath;C:\windows\system32;C:\windows;C:\windows\System32\Wbem;C:\windows\System32\WindowsPowerShell\v1.0\;C:\windows\System32\OpenSSH\;C:\Program Files\Java\jdk-20\bin;C:\Program Files\MySQL\MySQL Server 8.0\bin;C:\Program Files (x86)\Microsoft SQL Server\160\Tools\Binn\;C:\Program Files\Microsoft SQL Server\160\Tools\Binn\;C:\Program Files\Microsoft SQL Server\Client SDK\ODBC\170\Tools\Binn\;C:\Program Files\Microsoft SQL Server\160\DTS\Binn\;C:\Program Files (x86)\Microsoft SQL Server\160\DTS\Binn\;C:\Program Files (x86)\Windows Kits\10\Windows Performance Toolkit\;C:\Program Files\Git\cmd;C:\Program Files\nodejs\;C:\Program Files\cursor\resources\app\bin;;C:\Program Files\Docker\Docker\resources\bin;C:\Program Files\MySQL\MySQL Shell 8.0\bin\;c:\Users\saiha\AppData\Local\Programs\cursor\resources\app\codeBin;C:\Users\saiha\AppData\Local\Programs\Python\Python37\Scripts\;C:\Users\saiha\AppData\Local\Programs\Python\Python37\;C:\Users\saiha\AppData\Local\Microsoft\WindowsApps;C:\Users\saiha\AppData\Local\Programs\Microsoft VS Code\bin;C:\Program Files\Java\jdk-22;C:\Program Files\JetBrains\IntelliJ IDEA Community Edition 2024.1\bin;;C:\Users\saiha\AppData\Local\GitHubDesktop\bin;C:\Users\saiha\AppData\Roaming\npm;C:\Users\saiha\AppData\Local\Programs\cursor\resources\app\bin;C:\Users\saiha\Downloads\apache-maven-3.9.11-bin\apache-maven-3.9.11\bin;
USERNAME=saiha
OS=Windows_NT
PROCESSOR_IDENTIFIER=Intel64 Family 6 Model 154 Stepping 3, GenuineIntel
TMP=C:\Users\saiha\AppData\Local\Temp
TEMP=C:\Users\saiha\AppData\Local\Temp




Periodic native trim disabled

---------------  S Y S T E M  ---------------

OS:
 Windows 11 , 64 bit Build 22621 (10.0.22621.5415)
OS uptime: 3 days 1:17 hours
Hyper-V role detected

CPU: total 16 (initial active 16) (8 cores per cpu, 2 threads per core) family 6 model 154 stepping 3 microcode 0x42c, cx8, cmov, fxsr, ht, mmx, 3dnowpref, sse, sse2, sse3, ssse3, sse4.1, sse4.2, popcnt, lzcnt, tsc, tscinvbit, avx, avx2, aes, erms, clmul, bmi1, bmi2, adx, sha, fma, vzeroupper, clflush, clflushopt, clwb, hv, serialize, rdtscp, rdpid, fsrm, f16c, cet_ibt, cet_ss
Processor Information for processor 0
  Max Mhz: 1700, Current Mhz: 1700, Mhz Limit: 1700
Processor Information for processor 1
  Max Mhz: 1700, Current Mhz: 1700, Mhz Limit: 1700
Processor Information for processor 2
  Max Mhz: 1700, Current Mhz: 1457, Mhz Limit: 1700
Processor Information for processor 3
  Max Mhz: 1700, Current Mhz: 1700, Mhz Limit: 1700
Processor Information for processor 4
  Max Mhz: 1700, Current Mhz: 1700, Mhz Limit: 1700
Processor Information for processor 5
  Max Mhz: 1700, Current Mhz: 1700, Mhz Limit: 1700
Processor Information for processor 6
  Max Mhz: 1700, Current Mhz: 1700, Mhz Limit: 1700
Processor Information for processor 7
  Max Mhz: 1700, Current Mhz: 1457, Mhz Limit: 1700
Processor Information for processor 8
  Max Mhz: 1700, Current Mhz: 1200, Mhz Limit: 1190
Processor Information for processor 9
  Max Mhz: 1700, Current Mhz: 1200, Mhz Limit: 1190
Processor Information for processor 10
  Max Mhz: 1700, Current Mhz: 1200, Mhz Limit: 1190
Processor Information for processor 11
  Max Mhz: 1700, Current Mhz: 1200, Mhz Limit: 1190
Processor Information for processor 12
  Max Mhz: 1700, Current Mhz: 1200, Mhz Limit: 1190
Processor Information for processor 13
  Max Mhz: 1700, Current Mhz: 1200, Mhz Limit: 1190
Processor Information for processor 14
  Max Mhz: 1700, Current Mhz: 1200, Mhz Limit: 1190
Processor Information for processor 15
  Max Mhz: 1700, Current Mhz: 1200, Mhz Limit: 1190

Memory: 4k page, system-wide physical 16052M (713M free)
TotalPageFile size 32052M (AvailPageFile size 9M)
current process WorkingSet (physical memory assigned to process): 167M, peak: 170M
current process commit charge ("private bytes"): 419M, peak: 422M

vm_info: Java HotSpot(TM) 64-Bit Server VM (22+36-2370) for windows-amd64 JRE (22+36-2370), built on 2024-02-15T22:15:19Z by "mach5one" with MS VC++ 17.6 (VS2022)

END.
