#
# There is insufficient memory for the Java Runtime Environment to continue.
# Native memory allocation (mmap) failed to map 2097152 bytes. Error detail: G1 virtual space
# Possible reasons:
#   The system is out of physical RAM or swap space
#   This process is running with CompressedOops enabled, and the Java Heap may be blocking the growth of the native heap
# Possible solutions:
#   Reduce memory load on the system
#   Increase physical memory or swap space
#   Check if swap backing store is full
#   Decrease Java heap size (-Xmx/-Xms)
#   Decrease number of Java threads
#   Decrease Java thread stack sizes (-Xss)
#   Set larger code cache with -XX:ReservedCodeCacheSize=
#   JVM is running with Zero Based Compressed Oops mode in which the Java heap is
#     placed in the first 32GB address space. The Java Heap base address is the
#     maximum limit for the native heap growth. Please use -XX:HeapBaseMinAddress
#     to set the Java Heap base and to place the Java Heap above 32GB virtual address.
# This output file may be truncated or incomplete.
#
#  Out of Memory Error (os_windows.cpp:3631), pid=2520, tid=4348
#
# JRE version: Java(TM) SE Runtime Environment (22.0+36) (build 22+36-2370)
# Java VM: Java HotSpot(TM) 64-Bit Server VM (22+36-2370, mixed mode, sharing, tiered, compressed oops, compressed class ptrs, g1 gc, windows-amd64)
# No core dump will be written. Minidumps are not enabled by default on client versions of Windows
#

---------------  S U M M A R Y ------------

Command Line: -javaagent:C:\Program Files\JetBrains\IntelliJ IDEA Community Edition 2025.2.3\lib\idea_rt.jar=58793 -Dfile.encoding=UTF-8 -Dsun.stdout.encoding=UTF-8 -Dsun.stderr.encoding=UTF-8 com.bankingSystem.TransactionServiceApplication

Host: 12th Gen Intel(R) Core(TM) i5-1240P, 16 cores, 15G,  Windows 11 , 64 bit Build 26100 (10.0.26100.7019)
Time: Fri Nov 28 01:21:34 2025 India Standard Time elapsed time: 793.970619 seconds (0d 0h 13m 13s)

---------------  T H R E A D  ---------------

Current thread (0x000001c39fcdb4c0):  WorkerThread "GC Thread#6"    [id=4348, stack(0x000000873a500000,0x000000873a600000) (1024K)]

Stack: [0x000000873a500000,0x000000873a600000]
Native frames: (J=compiled Java code, j=interpreted, Vv=VM code, C=native code)
V  [jvm.dll+0x6e2349]  (no source info available)
V  [jvm.dll+0x874ed3]  (no source info available)
V  [jvm.dll+0x8772fe]  (no source info available)
V  [jvm.dll+0x8779d3]  (no source info available)
V  [jvm.dll+0x27fcb6]  (no source info available)
V  [jvm.dll+0x6de9e5]  (no source info available)
V  [jvm.dll+0x6d34ea]  (no source info available)
V  [jvm.dll+0x35892a]  (no source info available)
V  [jvm.dll+0x360e56]  (no source info available)
V  [jvm.dll+0x3b3a7b]  (no source info available)
V  [jvm.dll+0x3b4114]  (no source info available)
V  [jvm.dll+0x3b41dd]  (no source info available)
V  [jvm.dll+0x32db4c]  (no source info available)
V  [jvm.dll+0x32d87d]  (no source info available)
V  [jvm.dll+0x31c7c5]  (no source info available)
V  [jvm.dll+0x31cb96]  (no source info available)
V  [jvm.dll+0x31d82a]  (no source info available)
V  [jvm.dll+0x31dc04]  (no source info available)
V  [jvm.dll+0x31d73c]  (no source info available)
V  [jvm.dll+0x35a731]  (no source info available)
V  [jvm.dll+0x35adb1]  (no source info available)
V  [jvm.dll+0x35aa09]  (no source info available)
V  [jvm.dll+0x35babd]  (no source info available)
V  [jvm.dll+0x3710f9]  (no source info available)
V  [jvm.dll+0x37181a]  (no source info available)
V  [jvm.dll+0x371907]  (no source info available)
V  [jvm.dll+0x3729ab]  (no source info available)
V  [jvm.dll+0x8a4337]  (no source info available)
V  [jvm.dll+0x81d50b]  (no source info available)
V  [jvm.dll+0x6e09e5]  (no source info available)
C  [ucrtbase.dll+0x37b0]  (no source info available)
C  [KERNEL32.DLL+0x2e8d7]  (no source info available)
C  [ntdll.dll+0x8c53c]  (no source info available)


---------------  P R O C E S S  ---------------

Threads class SMR info:
_java_thread_list=0x000001c3a1d4a300, length=45, elements={
0x000001c35976b3a0, 0x000001c35976df10, 0x000001c359772270, 0x000001c3597742f0,
0x000001c3597790c0, 0x000001c3599a8090, 0x000001c3599a8e20, 0x000001c35977d9c0,
0x000001c359ab44f0, 0x000001c39f37dd60, 0x000001c39f37e3d0, 0x000001c3a4a22860,
0x000001c3a3f5fcf0, 0x000001c3a4a61c80, 0x000001c3a0397750, 0x000001c3a0395d10,
0x000001c3a039abd0, 0x000001c3a0399820, 0x000001c3a039a540, 0x000001c3a039b260,
0x000001c3a039cca0, 0x000001c3a1784590, 0x000001c3a4203eb0, 0x000001c3a4205260,
0x000001c3a4201de0, 0x000001c3a4203820, 0x000001c3a4204540, 0x000001c3a4204bd0,
0x000001c3a42058f0, 0x000001c3a4202470, 0x000001c3a4202b00, 0x000001c3a4205f80,
0x000001c3a4206610, 0x000001c3a4207330, 0x000001c3a4209400, 0x000001c3a4206ca0,
0x000001c3a42079c0, 0x000001c3a4208d70, 0x000001c3a42086e0, 0x000001c3a0399190,
0x000001c3a0398470, 0x000001c3a039c610, 0x000001c3a09d6d10, 0x000001c3a450eef0,
0x000001c3a450da80
}

Java Threads: ( => current thread )
  0x000001c35976b3a0 JavaThread "Reference Handler"          daemon [_thread_blocked, id=13224, stack(0x0000008738c00000,0x0000008738d00000) (1024K)]
  0x000001c35976df10 JavaThread "Finalizer"                  daemon [_thread_blocked, id=1736, stack(0x0000008738d00000,0x0000008738e00000) (1024K)]
  0x000001c359772270 JavaThread "Signal Dispatcher"          daemon [_thread_blocked, id=20356, stack(0x0000008738e00000,0x0000008738f00000) (1024K)]
  0x000001c3597742f0 JavaThread "Attach Listener"            daemon [_thread_blocked, id=504, stack(0x0000008738f00000,0x0000008739000000) (1024K)]
  0x000001c3597790c0 JavaThread "Service Thread"             daemon [_thread_blocked, id=14736, stack(0x0000008739000000,0x0000008739100000) (1024K)]
  0x000001c3599a8090 JavaThread "Monitor Deflation Thread"   daemon [_thread_blocked, id=20388, stack(0x0000008739100000,0x0000008739200000) (1024K)]
  0x000001c3599a8e20 JavaThread "C2 CompilerThread0"         daemon [_thread_blocked, id=2340, stack(0x0000008739200000,0x0000008739300000) (1024K)]
  0x000001c35977d9c0 JavaThread "C1 CompilerThread0"         daemon [_thread_blocked, id=29152, stack(0x0000008739300000,0x0000008739400000) (1024K)]
  0x000001c359ab44f0 JavaThread "Common-Cleaner"             daemon [_thread_blocked, id=10376, stack(0x0000008739500000,0x0000008739600000) (1024K)]
  0x000001c39f37dd60 JavaThread "Monitor Ctrl-Break"         daemon [_thread_in_native, id=31452, stack(0x0000008739800000,0x0000008739900000) (1024K)]
  0x000001c39f37e3d0 JavaThread "Notification Thread"        daemon [_thread_blocked, id=19516, stack(0x0000008739900000,0x0000008739a00000) (1024K)]
  0x000001c3a4a22860 JavaThread "Catalina-utility-1"                [_thread_blocked, id=30940, stack(0x000000873ad00000,0x000000873ae00000) (1024K)]
  0x000001c3a3f5fcf0 JavaThread "Catalina-utility-2"                [_thread_blocked, id=29120, stack(0x000000873ae00000,0x000000873af00000) (1024K)]
  0x000001c3a4a61c80 JavaThread "container-0"                       [_thread_blocked, id=8924, stack(0x000000873b100000,0x000000873b200000) (1024K)]
  0x000001c3a0397750 JavaThread "BufferPoolPruner-1-thread-1" daemon [_thread_blocked, id=20744, stack(0x000000873b200000,0x000000873b300000) (1024K)]
  0x000001c3a0395d10 JavaThread "cluster-ClusterId{value='6928a8b41133dd148f94b99f', description='null'}-localhost:27017" daemon [_thread_in_native, id=29484, stack(0x000000873b300000,0x000000873b400000) (1024K)]
  0x000001c3a039abd0 JavaThread "spectator-gauge-polling-0"  daemon [_thread_blocked, id=26076, stack(0x000000873b400000,0x000000873b500000) (1024K)]
  0x000001c3a0399820 JavaThread "AsyncResolver-bootstrap-%d" daemon [_thread_blocked, id=9668, stack(0x000000873b500000,0x000000873b600000) (1024K)]
  0x000001c3a039a540 JavaThread "DiscoveryClient-%d"         daemon [_thread_blocked, id=26936, stack(0x0000008739b00000,0x0000008739c00000) (1024K)]
  0x000001c3a039b260 JavaThread "DiscoveryClient-%d"         daemon [_thread_blocked, id=29548, stack(0x000000873a300000,0x000000873a400000) (1024K)]
  0x000001c3a039cca0 JavaThread "DiscoveryClient-InstanceInfoReplicator-%d" daemon [_thread_blocked, id=27060, stack(0x000000873a400000,0x000000873a500000) (1024K)]
  0x000001c3a1784590 JavaThread "http-nio-8082-exec-1"       daemon [_thread_blocked, id=28772, stack(0x000000873b600000,0x000000873b700000) (1024K)]
  0x000001c3a4203eb0 JavaThread "http-nio-8082-exec-2"       daemon [_thread_blocked, id=31320, stack(0x000000873b700000,0x000000873b800000) (1024K)]
  0x000001c3a4205260 JavaThread "http-nio-8082-exec-3"       daemon [_thread_blocked, id=6256, stack(0x000000873b800000,0x000000873b900000) (1024K)]
  0x000001c3a4201de0 JavaThread "http-nio-8082-exec-4"       daemon [_thread_blocked, id=24132, stack(0x000000873b900000,0x000000873ba00000) (1024K)]
  0x000001c3a4203820 JavaThread "http-nio-8082-exec-5"       daemon [_thread_blocked, id=19992, stack(0x000000873ba00000,0x000000873bb00000) (1024K)]
  0x000001c3a4204540 JavaThread "http-nio-8082-exec-6"       daemon [_thread_blocked, id=23884, stack(0x000000873bb00000,0x000000873bc00000) (1024K)]
  0x000001c3a4204bd0 JavaThread "http-nio-8082-exec-7"       daemon [_thread_blocked, id=8160, stack(0x000000873bc00000,0x000000873bd00000) (1024K)]
  0x000001c3a42058f0 JavaThread "http-nio-8082-exec-8"       daemon [_thread_blocked, id=17852, stack(0x000000873bd00000,0x000000873be00000) (1024K)]
  0x000001c3a4202470 JavaThread "http-nio-8082-exec-9"       daemon [_thread_blocked, id=27764, stack(0x000000873be00000,0x000000873bf00000) (1024K)]
  0x000001c3a4202b00 JavaThread "http-nio-8082-exec-10"      daemon [_thread_blocked, id=3804, stack(0x000000873bf00000,0x000000873c000000) (1024K)]
  0x000001c3a4205f80 JavaThread "http-nio-8082-Poller"       daemon [_thread_blocked, id=16944, stack(0x000000873c000000,0x000000873c100000) (1024K)]
  0x000001c3a4206610 JavaThread "http-nio-8082-Acceptor"     daemon [_thread_in_native, id=9720, stack(0x000000873c100000,0x000000873c200000) (1024K)]
  0x000001c3a4207330 JavaThread "DestroyJavaVM"                     [_thread_blocked, id=10212, stack(0x0000008738400000,0x0000008738500000) (1024K)]
  0x000001c3a4209400 JavaThread "DiscoveryClient-CacheRefreshExecutor-%d" daemon [_thread_blocked, id=26140, stack(0x0000008739700000,0x0000008739800000) (1024K)]
  0x000001c3a4206ca0 JavaThread "DiscoveryClient-HeartbeatExecutor-%d" daemon [_thread_blocked, id=13092, stack(0x0000008739a00000,0x0000008739b00000) (1024K)]
  0x000001c3a42079c0 JavaThread "AsyncResolver-bootstrap-executor-%d" daemon [_thread_blocked, id=23204, stack(0x0000008738300000,0x0000008738400000) (1024K)]
  0x000001c3a4208d70 JavaThread "boundedElastic-evictor-1"   daemon [_thread_blocked, id=20180, stack(0x0000008738100000,0x0000008738200000) (1024K)]
  0x000001c3a42086e0 JavaThread "pool-5-thread-1"            daemon [_thread_blocked, id=22936, stack(0x0000008738200000,0x0000008738300000) (1024K)]
  0x000001c3a0399190 JavaThread "cluster-rtt-ClusterId{value='6928a8b41133dd148f94b99f', description='null'}-localhost:27017" daemon [_thread_blocked, id=14392, stack(0x0000008739400000,0x0000008739500000) (1024K)]
  0x000001c3a0398470 JavaThread "MaintenanceTimer-2-thread-1" daemon [_thread_blocked, id=31972, stack(0x0000008739600000,0x0000008739700000) (1024K)]
  0x000001c3a039c610 JavaThread "boundedElastic-2"           daemon [_thread_blocked, id=26688, stack(0x000000873a100000,0x000000873a200000) (1024K)]
  0x000001c3a09d6d10 JavaThread "Keep-Alive-Timer"           daemon [_thread_blocked, id=30880, stack(0x000000873a700000,0x000000873a800000) (1024K)]
  0x000001c3a450eef0 JavaThread "C1 CompilerThread1"         daemon [_thread_blocked, id=32588, stack(0x000000873c200000,0x000000873c300000) (1024K)]
  0x000001c3a450da80 JavaThread "C1 CompilerThread2"         daemon [_thread_blocked, id=23208, stack(0x000000873c300000,0x000000873c400000) (1024K)]
Total: 45

Other Threads:
  0x000001c359753220 VMThread "VM Thread"                           [id=16948, stack(0x0000008738b00000,0x0000008738c00000) (1024K)]
  0x000001c35973a300 WatcherThread "VM Periodic Task Thread"        [id=7332, stack(0x0000008738a00000,0x0000008738b00000) (1024K)]
  0x000001c337e88cc0 WorkerThread "GC Thread#0"                     [id=31576, stack(0x0000008738500000,0x0000008738600000) (1024K)]
  0x000001c39f71af10 WorkerThread "GC Thread#1"                     [id=24816, stack(0x0000008739c00000,0x0000008739d00000) (1024K)]
  0x000001c39f71b2c0 WorkerThread "GC Thread#2"                     [id=12812, stack(0x0000008739d00000,0x0000008739e00000) (1024K)]
  0x000001c39f71b670 WorkerThread "GC Thread#3"                     [id=16220, stack(0x0000008739e00000,0x0000008739f00000) (1024K)]
  0x000001c39f71ba20 WorkerThread "GC Thread#4"                     [id=31064, stack(0x0000008739f00000,0x000000873a000000) (1024K)]
  0x000001c39f6e6830 WorkerThread "GC Thread#5"                     [id=17340, stack(0x000000873a000000,0x000000873a100000) (1024K)]
=>0x000001c39fcdb4c0 WorkerThread "GC Thread#6"                     [id=4348, stack(0x000000873a500000,0x000000873a600000) (1024K)]
  0x000001c39fee43b0 WorkerThread "GC Thread#7"                     [id=2472, stack(0x000000873a600000,0x000000873a700000) (1024K)]
  0x000001c3a0060f90 WorkerThread "GC Thread#8"                     [id=19588, stack(0x000000873a800000,0x000000873a900000) (1024K)]
  0x000001c3a1bdec10 WorkerThread "GC Thread#9"                     [id=17320, stack(0x000000873a900000,0x000000873aa00000) (1024K)]
  0x000001c3a0a17040 WorkerThread "GC Thread#10"                    [id=25904, stack(0x000000873aa00000,0x000000873ab00000) (1024K)]
  0x000001c3a15d0dc0 WorkerThread "GC Thread#11"                    [id=924, stack(0x000000873ab00000,0x000000873ac00000) (1024K)]
  0x000001c3a15eb930 WorkerThread "GC Thread#12"                    [id=13940, stack(0x000000873ac00000,0x000000873ad00000) (1024K)]
  0x000001c337e99690 ConcurrentGCThread "G1 Main Marker"            [id=18052, stack(0x0000008738600000,0x0000008738700000) (1024K)]
  0x000001c337e9afd0 WorkerThread "G1 Conc#0"                       [id=30600, stack(0x0000008738700000,0x0000008738800000) (1024K)]
  0x000001c3a12195e0 WorkerThread "G1 Conc#1"                       [id=28756, stack(0x000000873af00000,0x000000873b000000) (1024K)]
  0x000001c3a1219d40 WorkerThread "G1 Conc#2"                       [id=4052, stack(0x000000873b000000,0x000000873b100000) (1024K)]
  0x000001c359603ba0 ConcurrentGCThread "G1 Refine#0"               [id=26296, stack(0x0000008738800000,0x0000008738900000) (1024K)]
  0x000001c359604630 ConcurrentGCThread "G1 Service"                [id=31368, stack(0x0000008738900000,0x0000008738a00000) (1024K)]
Total: 21

Threads with active compile tasks:
C2 CompilerThread0  794124 8615 %     4       java.util.Properties$LineReader::readLine @ 53 (584 bytes)
Total: 1

VM state: at safepoint (normal execution)

VM Mutex/Monitor currently owned by a thread:  ([mutex/lock_event])
[0x00007ff9ed95a648] FreeList_lock - owner thread: 0x000001c39fcdb4c0
[0x00007ff9ed95cbc8] Threads_lock - owner thread: 0x000001c359753220
[0x00007ff9ed95ccc8] Heap_lock - owner thread: 0x000001c3a4206ca0

Heap address: 0x0000000705200000, size: 4014 MB, Compressed Oops mode: Zero based, Oop shift amount: 3

CDS archive(s) mapped at: [0x000001c35a000000-0x000001c35ac60000-0x000001c35ac60000), size 12976128, SharedBaseAddress: 0x000001c35a000000, ArchiveRelocationMode: 1.
Compressed class space mapped at: 0x000001c35b000000-0x000001c39b000000, reserved size: 1073741824
Narrow klass base: 0x000001c35a000000, Narrow klass shift: 0, Narrow klass range: 0x41000000

GC Precious Log:
 CardTable entry size: 512
 Card Set container configuration: InlinePtr #cards 4 size 8 Array Of Cards #cards 16 size 48 Howl #buckets 8 coarsen threshold 3686 Howl Bitmap #cards 512 size 80 coarsen threshold 460 Card regions per heap region 1 cards per card region 4096
 CPUs: 16 total, 16 available
 Memory: 16052M
 Large Page Support: Disabled
 NUMA Support: Disabled
 Compressed Oops: Enabled (Zero based)
 Heap Region Size: 2M
 Heap Min Capacity: 8M
 Heap Initial Capacity: 252M
 Heap Max Capacity: 4014M
 Pre-touch: Disabled
 Parallel Workers: 13
 Concurrent Workers: 3
 Concurrent Refinement Workers: 13
 Periodic GC: Disabled

Heap:
 garbage-first heap   total reserved 4110336K, committed 69632K, used 61253K [0x0000000705200000, 0x0000000800000000)
  region size 2048K, 12 young (24576K), 2 survivors (4096K)
 Metaspace       used 64393K, committed 65280K, reserved 1114112K
  class space    used 8814K, committed 9216K, reserved 1048576K

Heap Regions: E=young(eden), S=young(survivor), O=old, HS=humongous(starts), HC=humongous(continues), CS=collection set, F=free, TAMS=top-at-mark-start, PB=parsable bottom
|   0|0x0000000705200000, 0x0000000705400000, 0x0000000705400000|100%| O|  |TAMS 0x0000000705200000| PB 0x0000000705200000| Untracked |  0
|   1|0x0000000705400000, 0x0000000705600000, 0x0000000705600000|100%| O|CS|TAMS 0x0000000705400000| PB 0x0000000705400000| Complete |  0
|   2|0x0000000705600000, 0x0000000705800000, 0x0000000705800000|100%| O|  |TAMS 0x0000000705600000| PB 0x0000000705600000| Untracked |  0
|   3|0x0000000705800000, 0x0000000705a00000, 0x0000000705a00000|100%| O|  |TAMS 0x0000000705800000| PB 0x0000000705800000| Untracked |  0
|   4|0x0000000705a00000, 0x0000000705c00000, 0x0000000705c00000|100%| O|  |TAMS 0x0000000705a00000| PB 0x0000000705a00000| Untracked |  0
|   5|0x0000000705c00000, 0x0000000705e00000, 0x0000000705e00000|100%| O|  |TAMS 0x0000000705c00000| PB 0x0000000705c00000| Untracked |  0
|   6|0x0000000705e00000, 0x0000000706000000, 0x0000000706000000|100%| O|  |TAMS 0x0000000705e00000| PB 0x0000000705e00000| Untracked |  0
|   7|0x0000000706000000, 0x0000000706200000, 0x0000000706200000|100%| O|  |TAMS 0x0000000706000000| PB 0x0000000706000000| Untracked |  0
|   8|0x0000000706200000, 0x0000000706400000, 0x0000000706400000|100%| O|  |TAMS 0x0000000706200000| PB 0x0000000706200000| Untracked |  0
|   9|0x0000000706400000, 0x0000000706600000, 0x0000000706600000|100%| O|  |TAMS 0x0000000706400000| PB 0x0000000706400000| Untracked |  0
|  10|0x0000000706600000, 0x0000000706800000, 0x0000000706800000|100%| O|  |TAMS 0x0000000706600000| PB 0x0000000706600000| Untracked |  0
|  11|0x0000000706800000, 0x0000000706a00000, 0x0000000706a00000|100%| O|  |TAMS 0x0000000706800000| PB 0x0000000706800000| Untracked |  0
|  12|0x0000000706a00000, 0x0000000706c00000, 0x0000000706c00000|100%| O|  |TAMS 0x0000000706a00000| PB 0x0000000706a00000| Untracked |  0
|  13|0x0000000706c00000, 0x0000000706e00000, 0x0000000706e00000|100%| O|  |TAMS 0x0000000706c00000| PB 0x0000000706c00000| Untracked |  0
|  14|0x0000000706e00000, 0x0000000707000000, 0x0000000707000000|100%| O|  |TAMS 0x0000000706e00000| PB 0x0000000706e00000| Untracked |  0
|  15|0x0000000707000000, 0x0000000707200000, 0x0000000707200000|100%| O|CS|TAMS 0x0000000707000000| PB 0x0000000707000000| Complete |  0
|  16|0x0000000707200000, 0x0000000707400000, 0x0000000707400000|100%| O|  |TAMS 0x0000000707200000| PB 0x0000000707200000| Untracked |  0
|  17|0x0000000707400000, 0x0000000707600000, 0x0000000707600000|100%| O|CS|TAMS 0x0000000707400000| PB 0x0000000707400000| Complete |  0
|  18|0x0000000707600000, 0x0000000707800000, 0x0000000707800000|100%| O|  |TAMS 0x0000000707600000| PB 0x0000000707600000| Untracked |  0
|  19|0x0000000707800000, 0x0000000707a00000, 0x0000000707a00000|100%| O|  |TAMS 0x0000000707800000| PB 0x0000000707800000| Untracked |  0
|  20|0x0000000707a00000, 0x0000000707c00000, 0x0000000707c00000|100%| O|  |TAMS 0x0000000707a00000| PB 0x0000000707a00000| Untracked |  0
|  21|0x0000000707c00000, 0x0000000707d3f8f0, 0x0000000707e00000| 62%| S|  |TAMS 0x0000000707c00000| PB 0x0000000707c00000| Complete |  0
|  22|0x0000000707e00000, 0x0000000708000000, 0x0000000708000000|100%| S|  |TAMS 0x0000000707e00000| PB 0x0000000707e00000| Complete |  0
|  23|0x0000000708000000, 0x0000000708200000, 0x0000000708200000|100%| E|CS|TAMS 0x0000000708000000| PB 0x0000000708000000| Complete |  0
|  24|0x0000000708200000, 0x00000007083d1480, 0x0000000708400000| 90%| E|CS|TAMS 0x0000000708200000| PB 0x0000000708200000| Complete |  0
|  25|0x0000000708400000, 0x0000000708600000, 0x0000000708600000|100%| E|CS|TAMS 0x0000000708400000| PB 0x0000000708400000| Complete |  0
|  26|0x0000000708600000, 0x0000000708800000, 0x0000000708800000|100%| E|CS|TAMS 0x0000000708600000| PB 0x0000000708600000| Complete |  0
|  27|0x0000000708800000, 0x0000000708a00000, 0x0000000708a00000|100%| E|CS|TAMS 0x0000000708800000| PB 0x0000000708800000| Complete |  0
|  28|0x0000000708a00000, 0x0000000708c00000, 0x0000000708c00000|100%| E|CS|TAMS 0x0000000708a00000| PB 0x0000000708a00000| Complete |  0
|  29|0x0000000708c00000, 0x0000000708e00000, 0x0000000708e00000|100%| E|CS|TAMS 0x0000000708c00000| PB 0x0000000708c00000| Complete |  0
|  30|0x0000000708e00000, 0x0000000709000000, 0x0000000709000000|100%| E|CS|TAMS 0x0000000708e00000| PB 0x0000000708e00000| Complete |  0
| 117|0x0000000713c00000, 0x0000000713e00000, 0x0000000713e00000|100%| E|CS|TAMS 0x0000000713c00000| PB 0x0000000713c00000| Complete |  0
| 118|0x0000000713e00000, 0x0000000714000000, 0x0000000714000000|100%| E|CS|TAMS 0x0000000713e00000| PB 0x0000000713e00000| Complete |  0
| 125|0x0000000714c00000, 0x0000000714e00000, 0x0000000714e00000|100%| E|CS|TAMS 0x0000000714c00000| PB 0x0000000714c00000| Complete |  0

Card table byte_map: [0x000001c352110000,0x000001c3528f0000] _byte_map_base: 0x000001c34e8e7000

Marking Bits: (CMBitMap*) 0x000001c337e892e0
 Bits: [0x000001c3528f0000, 0x000001c3567a8000)

Polling page: 0x000001c337b50000

Metaspace:

Usage:
  Non-class:     54.28 MB used.
      Class:      8.61 MB used.
       Both:     62.88 MB used.

Virtual space:
  Non-class space:       64.00 MB reserved,      54.75 MB ( 86%) committed,  1 nodes.
      Class space:        1.00 GB reserved,       9.00 MB ( <1%) committed,  1 nodes.
             Both:        1.06 GB reserved,      63.75 MB (  6%) committed. 

Chunk freelists:
   Non-Class:  9.28 MB
       Class:  7.01 MB
        Both:  16.29 MB

MaxMetaspaceSize: unlimited
CompressedClassSpaceSize: 1.00 GB
Initial GC threshold: 21.00 MB
Current GC threshold: 91.81 MB
CDS: on
 - commit_granule_bytes: 65536.
 - commit_granule_words: 8192.
 - virtual_space_node_default_size: 8388608.
 - enlarge_chunks_in_place: 1.
 - use_allocation_guard: 0.


Internal statistics:

num_allocs_failed_limit: 6.
num_arena_births: 1278.
num_arena_deaths: 0.
num_vsnodes_births: 2.
num_vsnodes_deaths: 0.
num_space_committed: 1020.
num_space_uncommitted: 0.
num_chunks_returned_to_freelist: 6.
num_chunks_taken_from_freelist: 3647.
num_chunk_merges: 6.
num_chunk_splits: 2475.
num_chunks_enlarged: 1844.
num_inconsistent_stats: 0.

CodeHeap 'non-profiled nmethods': size=119168Kb used=6080Kb max_used=6080Kb free=113087Kb
 bounds [0x000001c349510000, 0x000001c349b10000, 0x000001c350970000]
CodeHeap 'profiled nmethods': size=119104Kb used=15562Kb max_used=15562Kb free=103541Kb
 bounds [0x000001c341970000, 0x000001c3428b0000, 0x000001c348dc0000]
CodeHeap 'non-nmethods': size=7488Kb used=2799Kb max_used=3353Kb free=4689Kb
 bounds [0x000001c348dc0000, 0x000001c349110000, 0x000001c349510000]
 total_blobs=8458 nmethods=7747 adapters=613
 compilation: enabled
              stopped_count=0, restarted_count=0
 full_count=0

Compilation events (20 events):
Event: 791.905 Thread 0x000001c3a450da80 nmethod 8653 0x000001c34289da90 code [0x000001c34289dc40, 0x000001c34289de00]
Event: 791.906 Thread 0x000001c3a450eef0 8654       3       java.lang.reflect.Field::getGenericType (20 bytes)
Event: 791.906 Thread 0x000001c35977d9c0 nmethod 8651 0x000001c34289df10 code [0x000001c34289e140, 0x000001c34289eaf8]
Event: 791.908 Thread 0x000001c3a450eef0 nmethod 8654 0x000001c34289ee10 code [0x000001c34289f100, 0x000001c3428a05e0]
Event: 791.908 Thread 0x000001c35977d9c0 8655       3       com.fasterxml.jackson.databind.deser.BeanDeserializerBase::_replaceProperty (47 bytes)
Event: 791.908 Thread 0x000001c3a450da80 8656       3       com.fasterxml.jackson.databind.introspect.AnnotatedField::isTransient (8 bytes)
Event: 791.908 Thread 0x000001c3a450eef0 8657       3       com.fasterxml.jackson.databind.introspect.AnnotatedField::getModifiers (8 bytes)
Event: 791.909 Thread 0x000001c3a450eef0 nmethod 8657 0x000001c3428a0c90 code [0x000001c3428a0e20, 0x000001c3428a0f50]
Event: 791.909 Thread 0x000001c3a450da80 nmethod 8656 0x000001c3428a1010 code [0x000001c3428a11c0, 0x000001c3428a1408]
Event: 791.909 Thread 0x000001c3a450eef0 8658       3       java.lang.reflect.Modifier::isTransient (14 bytes)
Event: 791.909 Thread 0x000001c3a450da80 8659       3       com.fasterxml.jackson.annotation.JsonFormat$Value::empty (4 bytes)
Event: 791.909 Thread 0x000001c3a450eef0 nmethod 8658 0x000001c3428a1510 code [0x000001c3428a16a0, 0x000001c3428a17e8]
Event: 791.909 Thread 0x000001c35977d9c0 nmethod 8655 0x000001c3428a1890 code [0x000001c3428a1a60, 0x000001c3428a1e90]
Event: 791.909 Thread 0x000001c3a450da80 nmethod 8659 0x000001c3421b6790 code [0x000001c3421b6920, 0x000001c3421b6a18]
Event: 791.909 Thread 0x000001c3a450eef0 8660       1       com.fasterxml.jackson.databind.deser.std.StdDeserializer::handledType (5 bytes)
Event: 791.910 Thread 0x000001c3a450eef0 nmethod 8660 0x000001c349b00010 code [0x000001c349b001a0, 0x000001c349b00270]
Event: 791.910 Thread 0x000001c35977d9c0 8661       3       com.fasterxml.jackson.databind.introspect.JacksonAnnotationIntrospector::findUnwrappingNameTransformer (48 bytes)
Event: 791.910 Thread 0x000001c3a450eef0 8662       3       com.fasterxml.jackson.databind.deser.CreatorProperty::withValueDeserializer (41 bytes)
Event: 791.910 Thread 0x000001c35977d9c0 nmethod 8661 0x000001c3428a2010 code [0x000001c3428a2240, 0x000001c3428a2b50]
Event: 791.910 Thread 0x000001c3a450eef0 nmethod 8662 0x000001c3428a2d90 code [0x000001c3428a2f40, 0x000001c3428a31b0]

GC Heap History (20 events):
Event: 4.167 GC heap after
{Heap after GC invocations=6 (full 0):
 garbage-first heap   total reserved 4110336K, committed 69632K, used 23216K [0x0000000705200000, 0x0000000800000000)
  region size 2048K, 3 young (6144K), 3 survivors (6144K)
 Metaspace       used 27002K, committed 27328K, reserved 1114112K
  class space    used 3410K, committed 3584K, reserved 1048576K
}
Event: 4.766 GC heap before
{Heap before GC invocations=6 (full 0):
 garbage-first heap   total reserved 4110336K, committed 69632K, used 49840K [0x0000000705200000, 0x0000000800000000)
  region size 2048K, 16 young (32768K), 3 survivors (6144K)
 Metaspace       used 29039K, committed 29440K, reserved 1114112K
  class space    used 3671K, committed 3840K, reserved 1048576K
}
Event: 4.778 GC heap after
{Heap after GC invocations=7 (full 0):
 garbage-first heap   total reserved 4110336K, committed 69632K, used 23132K [0x0000000705200000, 0x0000000800000000)
  region size 2048K, 2 young (4096K), 2 survivors (4096K)
 Metaspace       used 29039K, committed 29440K, reserved 1114112K
  class space    used 3671K, committed 3840K, reserved 1048576K
}
Event: 5.709 GC heap before
{Heap before GC invocations=7 (full 0):
 garbage-first heap   total reserved 4110336K, committed 69632K, used 53852K [0x0000000705200000, 0x0000000800000000)
  region size 2048K, 17 young (34816K), 2 survivors (4096K)
 Metaspace       used 33041K, committed 33472K, reserved 1114112K
  class space    used 4358K, committed 4544K, reserved 1048576K
}
Event: 5.716 GC heap after
{Heap after GC invocations=8 (full 0):
 garbage-first heap   total reserved 4110336K, committed 69632K, used 25459K [0x0000000705200000, 0x0000000800000000)
  region size 2048K, 3 young (6144K), 3 survivors (6144K)
 Metaspace       used 33041K, committed 33472K, reserved 1114112K
  class space    used 4358K, committed 4544K, reserved 1048576K
}
Event: 6.391 GC heap before
{Heap before GC invocations=8 (full 0):
 garbage-first heap   total reserved 4110336K, committed 69632K, used 45939K [0x0000000705200000, 0x0000000800000000)
  region size 2048K, 14 young (28672K), 3 survivors (6144K)
 Metaspace       used 35567K, committed 35968K, reserved 1114112K
  class space    used 4659K, committed 4864K, reserved 1048576K
}
Event: 6.398 GC heap after
{Heap after GC invocations=9 (full 0):
 garbage-first heap   total reserved 4110336K, committed 69632K, used 26370K [0x0000000705200000, 0x0000000800000000)
  region size 2048K, 2 young (4096K), 2 survivors (4096K)
 Metaspace       used 35567K, committed 35968K, reserved 1114112K
  class space    used 4659K, committed 4864K, reserved 1048576K
}
Event: 7.676 GC heap before
{Heap before GC invocations=10 (full 0):
 garbage-first heap   total reserved 4110336K, committed 69632K, used 55042K [0x0000000705200000, 0x0000000800000000)
  region size 2048K, 17 young (34816K), 2 survivors (4096K)
 Metaspace       used 40745K, committed 41344K, reserved 1114112K
  class space    used 5398K, committed 5696K, reserved 1048576K
}
Event: 7.685 GC heap after
{Heap after GC invocations=11 (full 0):
 garbage-first heap   total reserved 4110336K, committed 69632K, used 29208K [0x0000000705200000, 0x0000000800000000)
  region size 2048K, 3 young (6144K), 3 survivors (6144K)
 Metaspace       used 40745K, committed 41344K, reserved 1114112K
  class space    used 5398K, committed 5696K, reserved 1048576K
}
Event: 8.655 GC heap before
{Heap before GC invocations=11 (full 0):
 garbage-first heap   total reserved 4110336K, committed 69632K, used 53784K [0x0000000705200000, 0x0000000800000000)
  region size 2048K, 15 young (30720K), 3 survivors (6144K)
 Metaspace       used 45374K, committed 45952K, reserved 1114112K
  class space    used 6136K, committed 6400K, reserved 1048576K
}
Event: 8.664 GC heap after
{Heap after GC invocations=12 (full 0):
 garbage-first heap   total reserved 4110336K, committed 69632K, used 31083K [0x0000000705200000, 0x0000000800000000)
  region size 2048K, 2 young (4096K), 2 survivors (4096K)
 Metaspace       used 45374K, committed 45952K, reserved 1114112K
  class space    used 6136K, committed 6400K, reserved 1048576K
}
Event: 9.567 GC heap before
{Heap before GC invocations=12 (full 0):
 garbage-first heap   total reserved 4110336K, committed 69632K, used 57707K [0x0000000705200000, 0x0000000800000000)
  region size 2048K, 15 young (30720K), 2 survivors (4096K)
 Metaspace       used 49573K, committed 50240K, reserved 1114112K
  class space    used 6786K, committed 7104K, reserved 1048576K
}
Event: 9.572 GC heap after
{Heap after GC invocations=13 (full 0):
 garbage-first heap   total reserved 4110336K, committed 69632K, used 34171K [0x0000000705200000, 0x0000000800000000)
  region size 2048K, 2 young (4096K), 2 survivors (4096K)
 Metaspace       used 49573K, committed 50240K, reserved 1114112K
  class space    used 6786K, committed 7104K, reserved 1048576K
}
Event: 10.304 GC heap before
{Heap before GC invocations=13 (full 0):
 garbage-first heap   total reserved 4110336K, committed 69632K, used 58747K [0x0000000705200000, 0x0000000800000000)
  region size 2048K, 14 young (28672K), 2 survivors (4096K)
 Metaspace       used 52619K, committed 53376K, reserved 1114112K
  class space    used 7267K, committed 7616K, reserved 1048576K
}
Event: 10.309 GC heap after
{Heap after GC invocations=14 (full 0):
 garbage-first heap   total reserved 4110336K, committed 69632K, used 36294K [0x0000000705200000, 0x0000000800000000)
  region size 2048K, 2 young (4096K), 2 survivors (4096K)
 Metaspace       used 52619K, committed 53376K, reserved 1114112K
  class space    used 7267K, committed 7616K, reserved 1048576K
}
Event: 10.861 GC heap before
{Heap before GC invocations=14 (full 0):
 garbage-first heap   total reserved 4110336K, committed 69632K, used 54726K [0x0000000705200000, 0x0000000800000000)
  region size 2048K, 12 young (24576K), 2 survivors (4096K)
 Metaspace       used 55590K, committed 56384K, reserved 1114112K
  class space    used 7650K, committed 8000K, reserved 1048576K
}
Event: 10.866 GC heap after
{Heap after GC invocations=15 (full 0):
 garbage-first heap   total reserved 4110336K, committed 69632K, used 39222K [0x0000000705200000, 0x0000000800000000)
  region size 2048K, 2 young (4096K), 2 survivors (4096K)
 Metaspace       used 55590K, committed 56384K, reserved 1114112K
  class space    used 7650K, committed 8000K, reserved 1048576K
}
Event: 78.242 GC heap before
{Heap before GC invocations=16 (full 0):
 garbage-first heap   total reserved 4110336K, committed 69632K, used 55606K [0x0000000705200000, 0x0000000800000000)
  region size 2048K, 11 young (22528K), 2 survivors (4096K)
 Metaspace       used 59764K, committed 60608K, reserved 1114112K
  class space    used 8222K, committed 8576K, reserved 1048576K
}
Event: 78.267 GC heap after
{Heap after GC invocations=17 (full 0):
 garbage-first heap   total reserved 4110336K, committed 69632K, used 40773K [0x0000000705200000, 0x0000000800000000)
  region size 2048K, 1 young (2048K), 1 survivors (2048K)
 Metaspace       used 59764K, committed 60608K, reserved 1114112K
  class space    used 8222K, committed 8576K, reserved 1048576K
}
Event: 791.911 GC heap before
{Heap before GC invocations=17 (full 0):
 garbage-first heap   total reserved 4110336K, committed 69632K, used 59205K [0x0000000705200000, 0x0000000800000000)
  region size 2048K, 11 young (22528K), 1 survivors (2048K)
 Metaspace       used 64393K, committed 65280K, reserved 1114112K
  class space    used 8814K, committed 9216K, reserved 1048576K
}

Dll operation events (14 events):
Event: 0.014 Loaded shared library C:\Program Files\Java\jdk-22\bin\java.dll
Event: 0.049 Loaded shared library C:\Program Files\Java\jdk-22\bin\jsvml.dll
Event: 0.164 Loaded shared library C:\Program Files\Java\jdk-22\bin\zip.dll
Event: 0.168 Loaded shared library C:\Program Files\Java\jdk-22\bin\instrument.dll
Event: 0.173 Loaded shared library C:\Program Files\Java\jdk-22\bin\net.dll
Event: 0.176 Loaded shared library C:\Program Files\Java\jdk-22\bin\nio.dll
Event: 0.179 Loaded shared library C:\Program Files\Java\jdk-22\bin\zip.dll
Event: 0.389 Loaded shared library C:\Program Files\Java\jdk-22\bin\extnet.dll
Event: 0.429 Loaded shared library C:\Program Files\Java\jdk-22\bin\jimage.dll
Event: 2.963 Loaded shared library C:\Program Files\Java\jdk-22\bin\le.dll
Event: 3.540 Loaded shared library C:\Program Files\Java\jdk-22\bin\sunmscapi.dll
Event: 7.231 Loaded shared library C:\Program Files\Java\jdk-22\bin\management.dll
Event: 7.233 Loaded shared library C:\Program Files\Java\jdk-22\bin\management_ext.dll
Event: 11.002 Loaded shared library C:\Program Files\Java\jdk-22\bin\verify.dll

Deoptimization events (20 events):
Event: 764.551 Thread 0x000001c3a4204bd0 Uncommon trap: trap_request=0xffffff45 fr.pc=0x000001c3496dfcd0 relative=0x0000000000000290
Event: 764.551 Thread 0x000001c3a4204bd0 Uncommon trap: reason=unstable_if action=reinterpret pc=0x000001c3496dfcd0 method=java.util.concurrent.ConcurrentHashMap.get(Ljava/lang/Object;)Ljava/lang/Object; @ 86 c2
Event: 764.551 Thread 0x000001c3a4204bd0 DEOPT PACKING pc=0x000001c3496dfcd0 sp=0x000000873bcfc240
Event: 764.551 Thread 0x000001c3a4204bd0 DEOPT UNPACKING pc=0x000001c348e146a2 sp=0x000000873bcfc1b8 mode 2
Event: 764.551 Thread 0x000001c3a4204bd0 Uncommon trap: trap_request=0xffffff45 fr.pc=0x000001c3495d7284 relative=0x00000000000002e4
Event: 764.551 Thread 0x000001c3a4204bd0 Uncommon trap: reason=unstable_if action=reinterpret pc=0x000001c3495d7284 method=java.util.concurrent.ConcurrentHashMap$Traverser.advance()Ljava/util/concurrent/ConcurrentHashMap$Node; @ 84 c2
Event: 764.551 Thread 0x000001c3a4204bd0 DEOPT PACKING pc=0x000001c3495d7284 sp=0x000000873bcfc220
Event: 764.551 Thread 0x000001c3a4204bd0 DEOPT UNPACKING pc=0x000001c348e146a2 sp=0x000000873bcfc1d0 mode 2
Event: 764.707 Thread 0x000001c3a4204bd0 Uncommon trap: trap_request=0xffffff45 fr.pc=0x000001c3499a0aec relative=0x00000000000003ec
Event: 764.707 Thread 0x000001c3a4204bd0 Uncommon trap: reason=unstable_if action=reinterpret pc=0x000001c3499a0aec method=jdk.internal.org.objectweb.asm.MethodWriter.visitFieldInsn(ILjava/lang/String;Ljava/lang/String;Ljava/lang/String;)V @ 216 c2
Event: 764.707 Thread 0x000001c3a4204bd0 DEOPT PACKING pc=0x000001c3499a0aec sp=0x000000873bcf9840
Event: 764.707 Thread 0x000001c3a4204bd0 DEOPT UNPACKING pc=0x000001c348e146a2 sp=0x000000873bcf97c0 mode 2
Event: 764.758 Thread 0x000001c3a4204bd0 Uncommon trap: trap_request=0xffffff45 fr.pc=0x000001c34992fcd0 relative=0x00000000000000b0
Event: 764.758 Thread 0x000001c3a4204bd0 Uncommon trap: reason=unstable_if action=reinterpret pc=0x000001c34992fcd0 method=org.bson.io.BasicOutputBuffer.ensure(I)V @ 13 c2
Event: 764.758 Thread 0x000001c3a4204bd0 DEOPT PACKING pc=0x000001c34992fcd0 sp=0x000000873bcfb090
Event: 764.758 Thread 0x000001c3a4204bd0 DEOPT UNPACKING pc=0x000001c348e146a2 sp=0x000000873bcfafa8 mode 2
Event: 764.782 Thread 0x000001c3a4204bd0 Uncommon trap: trap_request=0xffffffde fr.pc=0x000001c3496e2dc0 relative=0x0000000000000760
Event: 764.782 Thread 0x000001c3a4204bd0 Uncommon trap: reason=class_check action=maybe_recompile pc=0x000001c3496e2dc0 method=org.springframework.core.MethodParameter.getGenericParameterType()Ljava/lang/reflect/Type; @ 17 c2
Event: 764.782 Thread 0x000001c3a4204bd0 DEOPT PACKING pc=0x000001c3496e2dc0 sp=0x000000873bcfd800
Event: 764.782 Thread 0x000001c3a4204bd0 DEOPT UNPACKING pc=0x000001c348e146a2 sp=0x000000873bcfd7d8 mode 2

Classes loaded (20 events):
Event: 475.371 Loading class java/util/concurrent/ConcurrentSkipListMap$SubMap
Event: 475.372 Loading class java/util/concurrent/ConcurrentSkipListMap$SubMap done
Event: 475.372 Loading class java/util/concurrent/ConcurrentSkipListMap$Values
Event: 475.372 Loading class java/util/concurrent/ConcurrentSkipListMap$Values done
Event: 475.372 Loading class java/util/concurrent/ConcurrentSkipListMap$SubMap$SubMapValueIterator
Event: 475.373 Loading class java/util/concurrent/ConcurrentSkipListMap$SubMap$SubMapIter
Event: 475.373 Loading class java/util/concurrent/ConcurrentSkipListMap$SubMap$SubMapIter done
Event: 475.373 Loading class java/util/concurrent/ConcurrentSkipListMap$SubMap$SubMapValueIterator done
Event: 749.738 Loading class java/nio/HeapByteBufferR
Event: 749.738 Loading class java/nio/HeapByteBufferR done
Event: 759.787 Loading class java/util/concurrent/ConcurrentLinkedDeque$CLDSpliterator
Event: 759.787 Loading class java/util/concurrent/ConcurrentLinkedDeque$CLDSpliterator done
Event: 764.303 Loading class sun/net/www/protocol/http/HttpURLConnection$StreamingOutputStream
Event: 764.304 Loading class sun/net/www/protocol/http/HttpURLConnection$StreamingOutputStream done
Event: 764.551 Loading class java/util/concurrent/ConcurrentHashMap$TreeBin
Event: 764.552 Loading class java/util/concurrent/ConcurrentHashMap$TreeBin done
Event: 764.691 Loading class java/util/UUID$Holder
Event: 764.691 Loading class java/util/UUID$Holder done
Event: 764.791 Loading class java/time/Instant$1
Event: 764.791 Loading class java/time/Instant$1 done

Classes unloaded (0 events):
No events

Classes redefined (0 events):
No events

Internal exceptions (20 events):
Event: 679.542 Thread 0x000001c3a0395d10 Exception <a 'java/net/ConnectException'{0x00000007088879f0}: Connection refused: getsockopt> (0x00000007088879f0) 
thrown [s\open\src\hotspot\share\prims\jni.cpp, line 539]
Event: 689.562 Thread 0x000001c3a0395d10 Exception <a 'java/net/ConnectException'{0x0000000708889340}: Connection refused: getsockopt> (0x0000000708889340) 
thrown [s\open\src\hotspot\share\prims\jni.cpp, line 539]
Event: 699.585 Thread 0x000001c3a0395d10 Exception <a 'java/net/ConnectException'{0x000000070888aea8}: Connection refused: getsockopt> (0x000000070888aea8) 
thrown [s\open\src\hotspot\share\prims\jni.cpp, line 539]
Event: 709.594 Thread 0x000001c3a0395d10 Exception <a 'java/net/ConnectException'{0x00000007088b0068}: Connection refused: getsockopt> (0x00000007088b0068) 
thrown [s\open\src\hotspot\share\prims\jni.cpp, line 539]
Event: 719.627 Thread 0x000001c3a0395d10 Exception <a 'java/net/ConnectException'{0x00000007088b19b8}: Connection refused: getsockopt> (0x00000007088b19b8) 
thrown [s\open\src\hotspot\share\prims\jni.cpp, line 539]
Event: 729.646 Thread 0x000001c3a0395d10 Exception <a 'java/net/ConnectException'{0x00000007088b3520}: Connection refused: getsockopt> (0x00000007088b3520) 
thrown [s\open\src\hotspot\share\prims\jni.cpp, line 539]
Event: 739.670 Thread 0x000001c3a0395d10 Exception <a 'java/net/ConnectException'{0x00000007088b4e70}: Connection refused: getsockopt> (0x00000007088b4e70) 
thrown [s\open\src\hotspot\share\prims\jni.cpp, line 539]
Event: 749.724 Thread 0x000001c3a0395d10 Exception <a 'java/lang/NoSuchMethodError'{0x000000070890f170}: 'void java.lang.invoke.DirectMethodHandle$Holder.invokeStatic(java.lang.Object, long)'> (0x000000070890f170) 
thrown [s\open\src\hotspot\share\interpreter\linkResolver.cpp, line 774]
Event: 749.779 Thread 0x000001c3a0395d10 Exception <a 'java/lang/NoSuchMethodError'{0x0000000708997778}: 'void java.lang.invoke.DirectMethodHandle$Holder.invokeStatic(java.lang.Object, java.lang.Object, long)'> (0x0000000708997778) 
thrown [s\open\src\hotspot\share\interpreter\linkResolver.cpp, line 774]
Event: 764.286 Thread 0x000001c3a4204bd0 Implicit null exception at 0x000001c34962169e to 0x000001c3496219a4
Event: 764.298 Thread 0x000001c3a4204bd0 Exception <a 'java/lang/NoSuchMethodError'{0x000000070865e980}: 'java.lang.Object java.lang.invoke.DirectMethodHandle$Holder.invokeStatic(java.lang.Object, int, java.lang.Object, java.lang.Object, java.lang.Object)'> (0x000000070865e980) 
thrown [s\open\src\hotspot\share\interpreter\linkResolver.cpp, line 774]
Event: 764.708 Thread 0x000001c3a4204bd0 Exception <a 'java/lang/NoSuchMethodError'{0x0000000708094348}: 'java.lang.Object java.lang.invoke.DirectMethodHandle$Holder.newInvokeSpecial(java.lang.Object, double)'> (0x0000000708094348) 
thrown [s\open\src\hotspot\share\interpreter\linkResolver.cpp, line 774]
Event: 764.708 Thread 0x000001c3a4204bd0 Exception <a 'java/lang/NoSuchMethodError'{0x00000007080991c8}: 'void java.lang.invoke.DirectMethodHandle$Holder.invokeSpecial(java.lang.Object, java.lang.Object, double)'> (0x00000007080991c8) 
thrown [s\open\src\hotspot\share\interpreter\linkResolver.cpp, line 774]
Event: 764.709 Thread 0x000001c3a4204bd0 Exception <a 'java/lang/NoSuchMethodError'{0x000000070809f140}: 'java.lang.Object java.lang.invoke.DirectMethodHandle$Holder.newInvokeSpecial(java.lang.Object, java.lang.Object, double)'> (0x000000070809f140) 
thrown [s\open\src\hotspot\share\interpreter\linkResolver.cpp, line 774]
Event: 764.710 Thread 0x000001c3a4204bd0 Exception <a 'java/lang/NoSuchMethodError'{0x00000007080a6738}: 'void java.lang.invoke.DirectMethodHandle$Holder.invokeSpecial(java.lang.Object, java.lang.Object, long)'> (0x00000007080a6738) 
thrown [s\open\src\hotspot\share\interpreter\linkResolver.cpp, line 774]
Event: 764.723 Thread 0x000001c3a4204bd0 Exception <a 'java/lang/NoSuchMethodError'{0x00000007080c4620}: 'void java.lang.invoke.DirectMethodHandle$Holder.invokeInterface(java.lang.Object, java.lang.Object)'> (0x00000007080c4620) 
thrown [s\open\src\hotspot\share\interpreter\linkResolver.cpp, line 774]
Event: 764.770 Thread 0x000001c3a4204bd0 Exception <a 'java/lang/NoSuchMethodError'{0x0000000708104080}: 'void java.lang.invoke.Invokers$Holder.invoke_MT(java.lang.Object, java.lang.Object, java.lang.Object, java.lang.Object)'> (0x0000000708104080) 
thrown [s\open\src\hotspot\share\interpreter\linkResolver.cpp, line 774]
Event: 764.777 Thread 0x000001c3a4204bd0 Exception <a 'java/lang/NoSuchMethodError'{0x0000000708122e88}: 'java.lang.Object java.lang.invoke.DirectMethodHandle$Holder.newInvokeSpecial(java.lang.Object, java.lang.Object, java.lang.Object, long)'> (0x0000000708122e88) 
thrown [s\open\src\hotspot\share\interpreter\linkResolver.cpp, line 774]
Event: 764.777 Thread 0x000001c3a4204bd0 Exception <a 'java/lang/NoSuchMethodError'{0x0000000708127148}: 'java.lang.Object java.lang.invoke.DirectMethodHandle$Holder.invokeSpecial(java.lang.Object, java.lang.Object, java.lang.Object, java.lang.Object, long)'> (0x0000000708127148) 
thrown [s\open\src\hotspot\share\interpreter\linkResolver.cpp, line 774]
Event: 764.778 Thread 0x000001c3a4204bd0 Exception <a 'java/lang/NoSuchMethodError'{0x000000070812ad60}: 'java.lang.Object java.lang.invoke.Invokers$Holder.linkToTargetMethod(java.lang.Object, java.lang.Object, long, java.lang.Object)'> (0x000000070812ad60) 
thrown [s\open\src\hotspot\share\interpreter\linkResolver.cpp, line 774]

ZGC Phase Switch (0 events):
No events

VM Operations (20 events):
Event: 761.869 Executing VM operation: Cleanup done
Event: 764.292 Executing VM operation: HandshakeAllThreads (Deoptimize)
Event: 764.292 Executing VM operation: HandshakeAllThreads (Deoptimize) done
Event: 764.292 Executing VM operation: Cleanup
Event: 764.292 Executing VM operation: Cleanup done
Event: 764.719 Executing VM operation: HandshakeAllThreads (Deoptimize)
Event: 764.719 Executing VM operation: HandshakeAllThreads (Deoptimize) done
Event: 765.734 Executing VM operation: Cleanup
Event: 765.734 Executing VM operation: Cleanup done
Event: 770.764 Executing VM operation: Cleanup
Event: 770.765 Executing VM operation: Cleanup done
Event: 779.841 Executing VM operation: Cleanup
Event: 779.841 Executing VM operation: Cleanup done
Event: 787.913 Executing VM operation: Cleanup
Event: 787.913 Executing VM operation: Cleanup done
Event: 788.916 Executing VM operation: Cleanup
Event: 788.916 Executing VM operation: Cleanup done
Event: 789.917 Executing VM operation: Cleanup
Event: 789.917 Executing VM operation: Cleanup done
Event: 791.911 Executing VM operation: G1CollectForAllocation (G1 Evacuation Pause)

Events (20 events):
Event: 440.285 Thread 0x000001c3a4208d70 Thread added: 0x000001c3a4208d70
Event: 440.370 Thread 0x000001c3a42086e0 Thread added: 0x000001c3a42086e0
Event: 440.380 Thread 0x000001c3a0398470 Thread added: 0x000001c3a0398470
Event: 500.287 Thread 0x000001c3a0398470 Thread exited: 0x000001c3a0398470
Event: 611.712 Thread 0x000001c3a450e820 Thread added: 0x000001c3a450e820
Event: 616.747 Thread 0x000001c3a450e820 Thread exited: 0x000001c3a450e820
Event: 629.456 Thread 0x000001c3a450eef0 Thread added: 0x000001c3a450eef0
Event: 629.456 Thread 0x000001c3a450e820 Thread added: 0x000001c3a450e820
Event: 629.457 Thread 0x000001c3a450f5c0 Thread added: 0x000001c3a450f5c0
Event: 631.105 Thread 0x000001c3a450f5c0 Thread exited: 0x000001c3a450f5c0
Event: 636.111 Thread 0x000001c3a450e820 Thread exited: 0x000001c3a450e820
Event: 638.444 Thread 0x000001c3a450eef0 Thread exited: 0x000001c3a450eef0
Event: 639.485 Thread 0x000001c3a450e820 Thread added: 0x000001c3a450e820
Event: 641.374 Thread 0x000001c3a450e820 Thread exited: 0x000001c3a450e820
Event: 749.768 Thread 0x000001c3a0399190 Thread added: 0x000001c3a0399190
Event: 749.771 Thread 0x000001c3a0398470 Thread added: 0x000001c3a0398470
Event: 764.041 Thread 0x000001c3a039c610 Thread added: 0x000001c3a039c610
Event: 764.283 Thread 0x000001c3a09d6d10 Thread added: 0x000001c3a09d6d10
Event: 791.895 Thread 0x000001c3a450eef0 Thread added: 0x000001c3a450eef0
Event: 791.896 Thread 0x000001c3a450da80 Thread added: 0x000001c3a450da80


Dynamic libraries:
0x00007ff78c140000 - 0x00007ff78c150000 	C:\Program Files\Java\jdk-22\bin\java.exe
0x00007ffac6fa0000 - 0x00007ffac7208000 	C:\WINDOWS\SYSTEM32\ntdll.dll
0x00007ffac6000000 - 0x00007ffac60c9000 	C:\WINDOWS\System32\KERNEL32.DLL
0x00007ffac41a0000 - 0x00007ffac4598000 	C:\WINDOWS\System32\KERNELBASE.dll
0x00007ffac4710000 - 0x00007ffac485b000 	C:\WINDOWS\System32\ucrtbase.dll
0x00007ff9eded0000 - 0x00007ff9edeeb000 	C:\Program Files\Java\jdk-22\bin\VCRUNTIME140.dll
0x00007ff9edef0000 - 0x00007ff9edf07000 	C:\Program Files\Java\jdk-22\bin\jli.dll
0x00007ffac5f40000 - 0x00007ffac5ff4000 	C:\WINDOWS\System32\ADVAPI32.dll
0x00007ffac5000000 - 0x00007ffac50a9000 	C:\WINDOWS\System32\msvcrt.dll
0x00007ffac6970000 - 0x00007ffac6a16000 	C:\WINDOWS\System32\sechost.dll
0x00007ffac5130000 - 0x00007ffac5248000 	C:\WINDOWS\System32\RPCRT4.dll
0x00007ffac66d0000 - 0x00007ffac6897000 	C:\WINDOWS\System32\USER32.dll
0x00007ffac45a0000 - 0x00007ffac45c7000 	C:\WINDOWS\System32\win32u.dll
0x00007ffaa7a70000 - 0x00007ffaa7d04000 	C:\WINDOWS\WinSxS\amd64_microsoft.windows.common-controls_6595b64144ccf1df_6.0.26100.7019_none_3e06ffa0e335b8a8\COMCTL32.dll
0x00007ffac6ba0000 - 0x00007ffac6bcb000 	C:\WINDOWS\System32\GDI32.dll
0x00007ffac4860000 - 0x00007ffac498c000 	C:\WINDOWS\System32\gdi32full.dll
0x00007ffac4660000 - 0x00007ffac4703000 	C:\WINDOWS\System32\msvcp_win.dll
0x00007ffab1570000 - 0x00007ffab157b000 	C:\WINDOWS\SYSTEM32\VERSION.dll
0x00007ffac68a0000 - 0x00007ffac68d1000 	C:\WINDOWS\System32\IMM32.DLL
0x00007ffa6e960000 - 0x00007ffa6e96c000 	C:\Program Files\Java\jdk-22\bin\vcruntime140_1.dll
0x00007ff9ede40000 - 0x00007ff9edece000 	C:\Program Files\Java\jdk-22\bin\msvcp140.dll
0x00007ff9eccf0000 - 0x00007ff9eda38000 	C:\Program Files\Java\jdk-22\bin\server\jvm.dll
0x00007ffac5430000 - 0x00007ffac54a4000 	C:\WINDOWS\System32\WS2_32.dll
0x00007ffac3f50000 - 0x00007ffac3fae000 	C:\WINDOWS\SYSTEM32\POWRPROF.dll
0x00007ffab9a60000 - 0x00007ffab9a95000 	C:\WINDOWS\SYSTEM32\WINMM.dll
0x00007ffac3f30000 - 0x00007ffac3f44000 	C:\WINDOWS\SYSTEM32\UMPDC.dll
0x00007ffac2eb0000 - 0x00007ffac2ecb000 	C:\WINDOWS\SYSTEM32\kernel.appcore.dll
0x00007ffa6d370000 - 0x00007ffa6d37a000 	C:\Program Files\Java\jdk-22\bin\jimage.dll
0x00007ffac17d0000 - 0x00007ffac1a12000 	C:\WINDOWS\SYSTEM32\DBGHELP.DLL
0x00007ffac6bd0000 - 0x00007ffac6f5b000 	C:\WINDOWS\System32\combase.dll
0x00007ffac4f20000 - 0x00007ffac4ff7000 	C:\WINDOWS\System32\OLEAUT32.dll
0x00007ffaa7240000 - 0x00007ffaa727c000 	C:\WINDOWS\SYSTEM32\dbgcore.DLL
0x00007ffac40f0000 - 0x00007ffac4195000 	C:\WINDOWS\System32\bcryptPrimitives.dll
0x00007ffab31c0000 - 0x00007ffab31cf000 	C:\Program Files\Java\jdk-22\bin\instrument.dll
0x00007ff9eccd0000 - 0x00007ff9eccee000 	C:\Program Files\Java\jdk-22\bin\java.dll
0x00007ffac57e0000 - 0x00007ffac5f2f000 	C:\WINDOWS\System32\SHELL32.dll
0x00007ffac4bd0000 - 0x00007ffac4d3b000 	C:\WINDOWS\System32\wintypes.dll
0x00007ffac5540000 - 0x00007ffac56d7000 	C:\WINDOWS\System32\ole32.dll
0x00007ffac1cf0000 - 0x00007ffac254d000 	C:\WINDOWS\SYSTEM32\windows.storage.dll
0x00007ffac56e0000 - 0x00007ffac57d2000 	C:\WINDOWS\System32\SHCORE.dll
0x00007ffac6ac0000 - 0x00007ffac6b27000 	C:\WINDOWS\System32\shlwapi.dll
0x00007ffac4010000 - 0x00007ffac4039000 	C:\WINDOWS\SYSTEM32\profapi.dll
0x00007ff9ecbf0000 - 0x00007ff9eccc7000 	C:\Program Files\Java\jdk-22\bin\jsvml.dll
0x00007ff9ecbb0000 - 0x00007ff9ecbc7000 	C:\Program Files\Java\jdk-22\bin\zip.dll
0x00007ffa6ca70000 - 0x00007ffa6ca80000 	C:\Program Files\Java\jdk-22\bin\net.dll
0x00007ffac3420000 - 0x00007ffac348b000 	C:\WINDOWS\system32\mswsock.dll
0x00007ff9ecbd0000 - 0x00007ff9ecbe6000 	C:\Program Files\Java\jdk-22\bin\nio.dll
0x00007ffa401e0000 - 0x00007ffa401e9000 	C:\Program Files\Java\jdk-22\bin\extnet.dll
0x00007ffac2a30000 - 0x00007ffac2b5c000 	C:\WINDOWS\SYSTEM32\DNSAPI.dll
0x00007ffac29f0000 - 0x00007ffac2a24000 	C:\WINDOWS\SYSTEM32\IPHLPAPI.DLL
0x00007ffac4d40000 - 0x00007ffac4d4a000 	C:\WINDOWS\System32\NSI.dll
0x00007ffab4640000 - 0x00007ffab464b000 	C:\Windows\System32\rasadhlp.dll
0x00007ffabc0c0000 - 0x00007ffabc146000 	C:\WINDOWS\System32\fwpuclnt.dll
0x00007ffab30e0000 - 0x00007ffab30eb000 	C:\Program Files\Java\jdk-22\bin\le.dll
0x00007ffa40350000 - 0x00007ffa4035e000 	C:\Program Files\Java\jdk-22\bin\sunmscapi.dll
0x00007ffac4a50000 - 0x00007ffac4bc7000 	C:\WINDOWS\System32\CRYPT32.dll
0x00007ffac3880000 - 0x00007ffac38b0000 	C:\WINDOWS\SYSTEM32\ncrypt.dll
0x00007ffac3830000 - 0x00007ffac386f000 	C:\WINDOWS\SYSTEM32\NTASN1.dll
0x00007ffac36e0000 - 0x00007ffac36fb000 	C:\WINDOWS\SYSTEM32\CRYPTSP.dll
0x00007ffac2e10000 - 0x00007ffac2e4a000 	C:\WINDOWS\system32\rsaenh.dll
0x00007ffac34d0000 - 0x00007ffac34fb000 	C:\WINDOWS\SYSTEM32\USERENV.dll
0x00007ffac3fe0000 - 0x00007ffac400a000 	C:\WINDOWS\SYSTEM32\bcrypt.dll
0x00007ffac3700000 - 0x00007ffac370c000 	C:\WINDOWS\SYSTEM32\CRYPTBASE.dll
0x00007ffa355c0000 - 0x00007ffa355ca000 	C:\Program Files\Java\jdk-22\bin\management.dll
0x00007ffa276a0000 - 0x00007ffa276ab000 	C:\Program Files\Java\jdk-22\bin\management_ext.dll
0x00007ffac4e10000 - 0x00007ffac4e18000 	C:\WINDOWS\System32\PSAPI.DLL
0x00007ffa99570000 - 0x00007ffa99580000 	C:\Program Files\Java\jdk-22\bin\verify.dll
0x00007ffa95220000 - 0x00007ffa95228000 	C:\WINDOWS\system32\wshunix.dll

dbghelp: loaded successfully - version: 4.0.5 - missing functions: none
symbol engine: initialized successfully - sym options: 0x614 - pdb path: .;C:\Program Files\Java\jdk-22\bin;C:\WINDOWS\SYSTEM32;C:\WINDOWS\WinSxS\amd64_microsoft.windows.common-controls_6595b64144ccf1df_6.0.26100.7019_none_3e06ffa0e335b8a8;C:\Program Files\Java\jdk-22\bin\server

VM Arguments:
jvm_args: -javaagent:C:\Program Files\JetBrains\IntelliJ IDEA Community Edition 2025.2.3\lib\idea_rt.jar=58793 -Dfile.encoding=UTF-8 -Dsun.stdout.encoding=UTF-8 -Dsun.stderr.encoding=UTF-8 
java_command: com.bankingSystem.TransactionServiceApplication
java_class_path (initial): C:\Users\saiha\OneDrive\Desktop\banking-microservices\transaction-service\target\classes;C:\Users\saiha\.m2\repository\org\springframework\boot\spring-boot-starter-actuator\3.4.11\spring-boot-starter-actuator-3.4.11.jar;C:\Users\saiha\.m2\repository\org\springframework\boot\spring-boot-starter\3.4.11\spring-boot-starter-3.4.11.jar;C:\Users\saiha\.m2\repository\org\springframework\boot\spring-boot\3.4.11\spring-boot-3.4.11.jar;C:\Users\saiha\.m2\repository\org\springframework\boot\spring-boot-autoconfigure\3.4.11\spring-boot-autoconfigure-3.4.11.jar;C:\Users\saiha\.m2\repository\org\springframework\boot\spring-boot-starter-logging\3.4.11\spring-boot-starter-logging-3.4.11.jar;C:\Users\saiha\.m2\repository\ch\qos\logback\logback-classic\1.5.20\logback-classic-1.5.20.jar;C:\Users\saiha\.m2\repository\ch\qos\logback\logback-core\1.5.20\logback-core-1.5.20.jar;C:\Users\saiha\.m2\repository\org\apache\logging\log4j\log4j-to-slf4j\2.24.3\log4j-to-slf4j-2.24.3.jar;C:\Users\saiha\.m2\repository\org\apache\logging\log4j\log4j-api\2.24.3\log4j-api-2.24.3.jar;C:\Users\saiha\.m2\repository\org\slf4j\jul-to-slf4j\2.0.17\jul-to-slf4j-2.0.17.jar;C:\Users\saiha\.m2\repository\jakarta\annotation\jakarta.annotation-api\2.1.1\jakarta.annotation-api-2.1.1.jar;C:\Users\saiha\.m2\repository\org\yaml\snakeyaml\2.3\snakeyaml-2.3.jar;C:\Users\saiha\.m2\repository\org\springframework\boot\spring-boot-actuator-autoconfigure\3.4.11\spring-boot-actuator-autoconfigure-3.4.11.jar;C:\Users\saiha\.m2\repository\org\springframework\boot\spring-boot-actuator\3.4.11\spring-boot-actuator-3.4.11.jar;C:\Users\saiha\.m2\repository\com\fasterxml\jackson\datatype\jackson-datatype-jsr310\2.18.4\jackson-datatype-jsr310-2.18.4.jar;C:\Users\saiha\.m2\repository\io\micrometer\micrometer-observation\1.14.12\micrometer-observation-1.14.12.jar;C:\Users\saiha\.m2\repository\io\micrometer\micrometer-commons\1.14.12\micrometer-commons-1.14.12.jar;C:\Users\saiha\.m2\repository\io\micrometer\micrometer-jakarta9\1.14.12\micrometer-jakarta9-1.14.12.jar;C:\Users\saiha\.m2\repository\io\micrometer\micrometer-core\1.14.12\micrometer-core-1.14.12.jar;C:\Users\saiha\.m2\repository\org\hdrhistogram\HdrHistogram\2.2.2\HdrHistogram-2.2.2.jar;C:\Users\saiha\.m2\repository\org\latencyutils\LatencyUtils\2.0.3\LatencyUtils-2.0.3.jar;C:\Users\saiha\.m2\repository\org\springframework\boot\spring-boot-starter-data-mongodb\3.4.11\spring-boot-starter-data-mongodb-3.4.11.jar;C:\Users\saiha\.m2\repository\org\mongodb\mongodb-driver-sync\5.2.1\mongodb-driver-sync-5.2.1.jar;C:\Users\saiha\.m2\repository\org\mongodb\bson\5.2.1\bson-5.2.1.jar;C:\Users\saiha\.m2\repository\org\mongodb\mongodb-driver-core\5.2.1\mongodb-driver-core-5.2.1.jar;C:\Users\saiha\.m2\repository\org\mongodb\bson-record-codec\5.2.1\bson-record-codec-5.2.1.jar;C:\Users\saiha\.m2\repository\org\springframework\data\spring-data-mongodb\4.4.11\spring-data-mongodb-4.4.11.jar;C:\Users\saiha\.m2\repository\org\springframework\spring-tx\6.2.12\spring-tx-6.2.12.jar;C:\Users\saiha\.m2\repository\org\springframework\spring-context\6.2.12\spring-context-6.2.12.jar;C:\Users\saiha\.m2\repository\org\springframework\spring-beans\6.2.12\spring-beans-6.2.12.jar;C:\Users\saiha\.m2\repository\org\springframework\spring-expression\6.2.12\spring-expression-6.2.12.jar;C:\Users\saiha\.m2\repository\org\springframework\data\spring-data-commons\3.4.11\spring-data-commons-3.4.11.jar;C:\Users\saiha\.m2\repository\org\slf4j\slf4j-api\2.0.17\slf4j-api-2.0.17.jar;C:\Users\saiha\.m2\repository\org\springframework\boot\spring-boot-starter-validation\3.4.11\spring-boot-starter-validation-3.4.11.jar;C:\Users\saiha\.m2\repository\org\apache\tomcat\embed\tomcat-embed-el\10.1.48\tomcat-embed-el-10.1.48.jar;C:\Users\saiha\.m2\repository\org\hibernate\validator\hibernate-validator\8.0.3.Final\hibernate-validator-8.0.3.Final.jar;C:\Users\saiha\.m2\repository\jakarta\validation\jakarta.validation-api\3.0.2\jakarta.validation-api-3.0.2.jar;C:\Users\saiha\.m2\repository\org\jboss\logging\jboss-logging\3.6.1.Final\jboss-logging-3.6.1.Final.jar;C:\Users\saiha\.m2\repository\com\fasterxml\classmate\1.7.1\classmate-1.7.1.jar;C:\Users\saiha\.m2\repository\org\springframework\boot\spring-boot-starter-web\3.4.11\spring-boot-starter-web-3.4.11.jar;C:\Users\saiha\.m2\repository\org\springframework\boot\spring-boot-starter-json\3.4.11\spring-boot-starter-json-3.4.11.jar;C:\Users\saiha\.m2\repository\com\fasterxml\jackson\datatype\jackson-datatype-jdk8\2.18.4\jackson-datatype-jdk8-2.18.4.jar;C:\Users\saiha\.m2\repository\com\fasterxml\jackson\module\jackson-module-parameter-names\2.18.4\jackson-module-parameter-names-2.18.4.jar;C:\Users\saiha\.m2\repository\org\springframework\boot\spring-boot-starter-tomcat\3.4.11\spring-boot-starter-tomcat-3.4.11.jar;C:\Users\saiha\.m2\repository\org\apache\tomcat\embed\tomcat-embed-core\10.1.48\tomcat-embed-core-10.1.48.jar;C:\Users\saiha\.m2\repository\org\apache\tomcat\embed\tomcat-embed-websocket\10.1.48\tomcat-embed-websocket-10.1.48.jar;C:\Users\saiha\.m2\repository\org\springframework\spring-web\6.2.12\spring-web-6.2.12.jar;C:\Users\saiha\.m2\repository\org\springframework\spring-webmvc\6.2.12\spring-webmvc-6.2.12.jar;C:\Users\saiha\.m2\repository\org\springframework\spring-aop\6.2.12\spring-aop-6.2.12.jar;C:\Users\saiha\.m2\repository\org\springframework\cloud\spring-cloud-starter-circuitbreaker-resilience4j\3.2.2\spring-cloud-starter-circuitbreaker-resilience4j-3.2.2.jar;C:\Users\saiha\.m2\repository\org\springframework\cloud\spring-cloud-starter\4.2.2\spring-cloud-starter-4.2.2.jar;C:\Users\saiha\.m2\repository\org\springframework\cloud\spring-cloud-context\4.2.2\spring-cloud-context-4.2.2.jar;C:\Users\saiha\.m2\repository\org\bouncycastle\bcprov-jdk18on\1.78.1\bcprov-jdk18on-1.78.1.jar;C:\Users\saiha\.m2\repository\org\springframework\cloud\spring-cloud-circuitbreaker-resilience4j\3.2.2\spring-cloud-circuitbreaker-resilience4j-3.2.2.jar;C:\Users\saiha\.m2\repository\io\github\resilience4j\resilience4j-spring-boot3\2.2.0\resilience4j-spring-boot3-2.2.0.jar;C:\Users\saiha\.m2\repository\io\github\resilience4j\resilience4j-spring6\2.2.0\resilience4j-spring6-2.2.0.jar;C:\Users\saiha\.m2\repository\io\github\resilience4j\resilience4j-annotations\2.2.0\resilience4j-annotations-2.2.0.jar;C:\Users\saiha\.m2\repository\io\github\resilience4j\resilience4j-consumer\2.2.0\resilience4j-consumer-2.2.0.jar;C:\Users\saiha\.m2\repository\io\github\resilience4j\resilience4j-circularbuffer\2.2.0\resilience4j-circularbuffer-2.2.0.jar;C:\Users\saiha\.m2\repository\io\github\resilience4j\resilience4j-framework-common\2.2.0\resilience4j-framework-common-2.2.0.jar;C:\Users\saiha\.m2\repository\io\github\resilience4j\resilience4j-micrometer\2.2.0\resilience4j-micrometer-2.2.0.jar;C:\Users\saiha\.m2\repository\io\github\resilience4j\resilience4j-retry\2.2.0\resilience4j-retry-2.2.0.jar;C:\Users\saiha\.m2\repository\io\github\resilience4j\resilience4j-ratelimiter\2.2.0\resilience4j-ratelimiter-2.2.0.jar;C:\Users\saiha\.m2\repository\org\springframework\boot\spring-boot-configuration-processor\3.4.11\spring-boot-configuration-processor-3.4.11.jar;C:\Users\saiha\.m2\repository\io\github\resilience4j\resilience4j-circuitbreaker\2.2.0\resilience4j-circuitbreaker-2.2.0.jar;C:\Users\saiha\.m2\repository\io\github\resilience4j\resilience4j-core\2.2.0\resilience4j-core-2.2.0.jar;C:\Users\saiha\.m2\repository\io\github\resilience4j\resilience4j-timelimiter\2.2.0\resilience4j-timelimiter-2.2.0.jar;C:\Users\saiha\.m2\repository\org\springframework\cloud\spring-cloud-starter-netflix-eureka-client\4.2.2\spring-cloud-starter-netflix-eureka-client-4.2.2.jar;C:\Users\saiha\.m2\repository\org\springframework\cloud\spring-cloud-netflix-eureka-client\4.2.2\spring-cloud-netflix-eureka-client-4.2.2.jar;C:\Users\saiha\.m2\repository\org\apache\httpcomponents\client5\httpclient5\5.4.4\httpclient5-5.4.4.jar;C:\Users\saiha\.m2\repository\org\apache\httpcomponents\core5\httpcore5\5.3.6\httpcore5-5.3.6.jar;C:\Users\saiha\.m2\repository\org\apache\httpcomponents\core5\httpcore5-h2\5.3.6\httpcore5-h2-5.3.6.jar;C:\Users\saiha\.m2\repository\com\netflix\eureka\eureka-client\2.0.5\eureka-client-2.0.5.jar;C:\Users\saiha\.m2\repository\com\thoughtworks\xstream\xstream\1.4.21\xstream-1.4.21.jar;C:\Users\saiha\.m2\repository\io\github\x-stream\mxparser\1.2.2\mxparser-1.2.2.jar;C:\Users\saiha\.m2\repository\xmlpull\xmlpull\1.1.3.1\xmlpull-1.1.3.1.jar;C:\Users\saiha\.m2\repository\jakarta\ws\rs\jakarta.ws.rs-api\3.1.0\jakarta.ws.rs-api-3.1.0.jar;C:\Users\saiha\.m2\repository\jakarta\inject\jakarta.inject-api\2.0.1\jakarta.inject-api-2.0.1.jar;C:\Users\saiha\.m2\repository\com\netflix\spectator\spectator-api\1.7.3\spectator-api-1.7.3.jar;C:\Users\saiha\.m2\repository\org\apache\httpcomponents\httpclient\4.5.3\httpclient-4.5.3.jar;C:\Users\saiha\.m2\repository\org\apache\httpcomponents\httpcore\4.4.16\httpcore-4.4.16.jar;C:\Users\saiha\.m2\repository\commons-codec\commons-codec\1.17.2\commons-codec-1.17.2.jar;C:\Users\saiha\.m2\repository\commons-configuration\commons-configuration\1.10\commons-configuration-1.10.jar;C:\Users\saiha\.m2\repository\commons-lang\commons-lang\2.6\commons-lang-2.6.jar;C:\Users\saiha\.m2\repository\com\fasterxml\jackson\core\jackson-annotations\2.18.4\jackson-annotations-2.18.4.jar;C:\Users\saiha\.m2\repository\com\fasterxml\jackson\core\jackson-core\2.18.4.1\jackson-core-2.18.4.1.jar;C:\Users\saiha\.m2\repository\com\netflix\netflix-commons\netflix-eventbus\0.3.0\netflix-eventbus-0.3.0.jar;C:\Users\saiha\.m2\repository\com\netflix\netflix-commons\netflix-infix\0.3.0\netflix-infix-0.3.0.jar;C:\Users\saiha\.m2\repository\commons-jxpath\commons-jxpath\1.3\commons-jxpath-1.3.jar;C:\Users\saiha\.m2\repository\joda-time\joda-time\2.3\joda-time-2.3.jar;C:\Users\saiha\.m2\repository\org\antlr\antlr-runtime\3.4\antlr-runtime-3.4.jar;C:\Users\saiha\.m2\repository\org\antlr\stringtemplate\3.2.1\stringtemplate-3.2.1.jar;C:\Users\saiha\.m2\repository\antlr\antlr\2.7.7\antlr-2.7.7.jar;C:\Users\saiha\.m2\repository\com\google\guava\guava\14.0.1\guava-14.0.1.jar;C:\Users\saiha\.m2\repository\com\google\code\gson\gson\2.11.0\gson-2.11.0.jar;C:\Users\saiha\.m2\repository\com\google\errorprone\error_prone_annotations\2.27.0\error_prone_annotations-2.27.0.jar;C:\Users\saiha\.m2\repository\com\netflix\servo\servo-core\0.5.3\servo-core-0.5.3.jar;C:\Users\saiha\.m2\repository\org\apache\commons\commons-math\2.2\commons-math-2.2.jar;C:\Users\saiha\.m2\repository\javax\annotation\javax.annotation-api\1.2\javax.annotation-api-1.2.jar;C:\Users\saiha\.m2\repository\org\codehaus\jettison\jettison\1.5.4\jettison-1.5.4.jar;C:\Users\saiha\.m2\repository\org\springframework\cloud\spring-cloud-starter-loadbalancer\4.2.2\spring-cloud-starter-loadbalancer-4.2.2.jar;C:\Users\saiha\.m2\repository\org\springframework\cloud\spring-cloud-loadbalancer\4.2.2\spring-cloud-loadbalancer-4.2.2.jar;C:\Users\saiha\.m2\repository\io\projectreactor\reactor-core\3.7.12\reactor-core-3.7.12.jar;C:\Users\saiha\.m2\repository\org\reactivestreams\reactive-streams\1.0.4\reactive-streams-1.0.4.jar;C:\Users\saiha\.m2\repository\io\projectreactor\addons\reactor-extra\3.5.4\reactor-extra-3.5.4.jar;C:\Users\saiha\.m2\repository\org\springframework\boot\spring-boot-starter-cache\3.4.11\spring-boot-starter-cache-3.4.11.jar;C:\Users\saiha\.m2\repository\org\springframework\spring-context-support\6.2.12\spring-context-support-6.2.12.jar;C:\Users\saiha\.m2\repository\com\stoyanr\evictor\1.0.0\evictor-1.0.0.jar;C:\Users\saiha\.m2\repository\org\springframework\cloud\spring-cloud-starter-openfeign\4.2.2\spring-cloud-starter-openfeign-4.2.2.jar;C:\Users\saiha\.m2\repository\org\springframework\cloud\spring-cloud-openfeign-core\4.2.2\spring-cloud-openfeign-core-4.2.2.jar;C:\Users\saiha\.m2\repository\io\github\openfeign\feign-form-spring\13.5\feign-form-spring-13.5.jar;C:\Users\saiha\.m2\repository\io\github\openfeign\feign-form\13.5\feign-form-13.5.jar;C:\Users\saiha\.m2\repository\commons-fileupload\commons-fileupload\1.5\commons-fileupload-1.5.jar;C:\Users\saiha\.m2\repository\org\springframework\cloud\spring-cloud-commons\4.2.2\spring-cloud-commons-4.2.2.jar;C:\Users\saiha\.m2\repository\org\springframework\security\spring-security-crypto\6.4.12\spring-security-crypto-6.4.12.jar;C:\Users\saiha\.m2\repository\io\github\openfeign\feign-core\13.5\feign-core-13.5.jar;C:\Users\saiha\.m2\repository\io\github\openfeign\feign-slf4j\13.5\feign-slf4j-13.5.jar;C:\Users\saiha\.m2\repository\org\springframework\cloud\spring-cloud-starter-config\4.2.3\spring-cloud-starter-config-4.2.3.jar;C:\Users\saiha\.m2\repository\org\springframework\cloud\spring-cloud-config-client\4.2.3\spring-cloud-config-client-4.2.3.jar;C:\Users\saiha\.m2\repository\com\fasterxml\jackson\core\jackson-databind\2.18.4\jackson-databind-2.18.4.jar;C:\Users\saiha\.m2\repository\org\springframework\spring-core\6.2.12\spring-core-6.2.12.jar;C:\Users\saiha\.m2\repository\org\springframework\spring-jcl\6.2.12\spring-jcl-6.2.12.jar
Launcher Type: SUN_STANDARD

[Global flags]
     intx CICompilerCount                          = 12                                        {product} {ergonomic}
     uint ConcGCThreads                            = 3                                         {product} {ergonomic}
     uint G1ConcRefinementThreads                  = 13                                        {product} {ergonomic}
   size_t G1HeapRegionSize                         = 2097152                                   {product} {ergonomic}
   size_t InitialHeapSize                          = 264241152                                 {product} {ergonomic}
   size_t MarkStackSize                            = 4194304                                   {product} {ergonomic}
   size_t MaxHeapSize                              = 4208984064                                {product} {ergonomic}
   size_t MaxNewSize                               = 2524971008                                {product} {ergonomic}
   size_t MinHeapDeltaBytes                        = 2097152                                   {product} {ergonomic}
   size_t MinHeapSize                              = 8388608                                   {product} {ergonomic}
    uintx NonNMethodCodeHeapSize                   = 7602480                                {pd product} {ergonomic}
    uintx NonProfiledCodeHeapSize                  = 122027880                              {pd product} {ergonomic}
    uintx ProfiledCodeHeapSize                     = 122027880                              {pd product} {ergonomic}
    uintx ReservedCodeCacheSize                    = 251658240                              {pd product} {ergonomic}
     bool SegmentedCodeCache                       = true                                      {product} {ergonomic}
   size_t SoftMaxHeapSize                          = 4208984064                             {manageable} {ergonomic}
     bool UseCompressedOops                        = true                           {product lp64_product} {ergonomic}
     bool UseG1GC                                  = true                                      {product} {ergonomic}
     bool UseLargePagesIndividualAllocation        = false                                  {pd product} {ergonomic}

Logging:
Log output configuration:
 #0: stdout all=warning uptime,level,tags foldmultilines=false
 #1: stderr all=off uptime,level,tags foldmultilines=false

Environment Variables:
JAVA_HOME=C:\Program Files\Java\jdk-17
PATH=C:\Users\saiha\Downloads\apache-maven-3.9.11-bin\apache-maven-3.9.11\bin;C:\Program Files\Java\jdk-17\bin;C:\AppOracleDB\db_home\bin;C:\oracle\product\10.2.0\db_1\bin;C:\Program Files\Common Files\Oracle\Java\javapath;C:\WINDOWS\system32;C:\WINDOWS;C:\WINDOWS\System32\Wbem;C:\WINDOWS\System32\WindowsPowerShell\v1.0\;C:\WINDOWS\System32\OpenSSH\;C:\Program Files\Java\jdk-20\bin;C:\Program Files\MySQL\MySQL Server 8.0\bin;C:\Program Files (x86)\Microsoft SQL Server\160\Tools\Binn\;C:\Program Files\Microsoft SQL Server\160\Tools\Binn\;C:\Program Files\Microsoft SQL Server\Client SDK\ODBC\170\Tools\Binn\;C:\Program Files\Microsoft SQL Server\160\DTS\Binn\;C:\Program Files (x86)\Microsoft SQL Server\160\DTS\Binn\;C:\Program Files (x86)\Windows Kits\10\Windows Performance Toolkit\;C:\Program Files\Git\cmd;C:\Program Files\nodejs\;C:\Program Files\cursor\resources\app\bin;;C:\Program Files\Docker\Docker\resources\bin;C:\Program Files\MySQL\MySQL Shell 8.0\bin\;c:\Users\saiha\AppData\Local\Programs\cursor\resources\app\codeBin;C:\Users\saiha\AppData\Local\Programs\Python\Python37\Scripts\;C:\Users\saiha\AppData\Local\Programs\Python\Python37\;C:\Users\saiha\AppData\Local\Microsoft\WindowsApps;C:\Users\saiha\AppData\Local\Programs\Microsoft VS Code\bin;C:\Program Files\Java\jdk-22;C:\Program Files\JetBrains\IntelliJ IDEA Community Edition 2024.1\bin;;C:\Users\saiha\AppData\Local\GitHubDesktop\bin;C:\Users\saiha\AppData\Roaming\npm;C:\Users\saiha\AppData\Local\Programs\cursor\resources\app\bin;C:\Users\saiha\Downloads\apache-maven-3.9.11-bin\apache-maven-3.9.11\bin;
USERNAME=saiha
OS=Windows_NT
PROCESSOR_IDENTIFIER=Intel64 Family 6 Model 154 Stepping 3, GenuineIntel
TMP=C:\Users\saiha\AppData\Local\Temp
TEMP=C:\Users\saiha\AppData\Local\Temp




Periodic native trim disabled

---------------  S Y S T E M  ---------------

OS:
 Windows 11 , 64 bit Build 26100 (10.0.26100.7019)
OS uptime: 0 days 1:41 hours
Hyper-V role detected

CPU: total 16 (initial active 16) (8 cores per cpu, 2 threads per core) family 6 model 154 stepping 3 microcode 0x42c, cx8, cmov, fxsr, ht, mmx, 3dnowpref, sse, sse2, sse3, ssse3, sse4.1, sse4.2, popcnt, lzcnt, tsc, tscinvbit, avx, avx2, aes, erms, clmul, bmi1, bmi2, adx, sha, fma, vzeroupper, clflush, clflushopt, clwb, hv, serialize, rdtscp, rdpid, fsrm, f16c, cet_ibt, cet_ss
Processor Information for processor 0
  Max Mhz: 1700, Current Mhz: 1700, Mhz Limit: 1700
Processor Information for processor 1
  Max Mhz: 1700, Current Mhz: 1457, Mhz Limit: 1700
Processor Information for processor 2
  Max Mhz: 1700, Current Mhz: 1457, Mhz Limit: 1700
Processor Information for processor 3
  Max Mhz: 1700, Current Mhz: 1457, Mhz Limit: 1700
Processor Information for processor 4
  Max Mhz: 1700, Current Mhz: 1457, Mhz Limit: 1700
Processor Information for processor 5
  Max Mhz: 1700, Current Mhz: 1457, Mhz Limit: 1700
Processor Information for processor 6
  Max Mhz: 1700, Current Mhz: 1700, Mhz Limit: 1700
Processor Information for processor 7
  Max Mhz: 1700, Current Mhz: 1457, Mhz Limit: 1700
Processor Information for processor 8
  Max Mhz: 1700, Current Mhz: 1200, Mhz Limit: 1190
Processor Information for processor 9
  Max Mhz: 1700, Current Mhz: 1200, Mhz Limit: 1190
Processor Information for processor 10
  Max Mhz: 1700, Current Mhz: 1200, Mhz Limit: 1190
Processor Information for processor 11
  Max Mhz: 1700, Current Mhz: 1200, Mhz Limit: 1190
Processor Information for processor 12
  Max Mhz: 1700, Current Mhz: 1200, Mhz Limit: 1190
Processor Information for processor 13
  Max Mhz: 1700, Current Mhz: 1200, Mhz Limit: 1190
Processor Information for processor 14
  Max Mhz: 1700, Current Mhz: 1200, Mhz Limit: 1190
Processor Information for processor 15
  Max Mhz: 1700, Current Mhz: 1200, Mhz Limit: 1190

Memory: 4k page, system-wide physical 16052M (1551M free)
TotalPageFile size 32052M (AvailPageFile size 9M)
current process WorkingSet (physical memory assigned to process): 247M, peak: 286M
current process commit charge ("private bytes"): 292M, peak: 446M

vm_info: Java HotSpot(TM) 64-Bit Server VM (22+36-2370) for windows-amd64 JRE (22+36-2370), built on 2024-02-15T22:15:19Z by "mach5one" with MS VC++ 17.6 (VS2022)

END.
